This file contains any messages produced by compilers while
running configure, to aid debugging if configure makes a mistake.

It was created by MPL configure 0.1, which was
generated by GNU Autoconf 2.69.  Invocation command line was

  $ ./configure --disable-option-checking --prefix=/usr/local/Cellar/hydraPM/3.2 prefix=/usr/local/Cellar/hydraPM/3.2 CC=mpicc CFLAGS=-fomit-frame-pointer -funroll-loops  -ffast-math -Ofast -fno-signed-zeros -ffp-contract=fast -mmmx -msse -maes -march=native  -g -march=native  LDFLAGS=-I/usr/local/opt/python3/lib -L/usr/local/opt/lapack/lib -L/usr/local/opt/openblas/lib -L/usr/local/opt/llvm/lib -L/usr/local/opt/sqlite/lib -L/usr/local/opt/readline/lib -L/usr/local/opt/openssl@1.1/lib -L/usr/X11/lib  CPPFLAGS=-I/usr/local/opt/python3/include -I/usr/local/opt/lapack/include -I/usr/local/opt/openblas/include -I/usr/local/opt/llvm/include -I/usr/local/opt/sqlite/include -I/usr/local/opt/readline/include -I/usr/local/opt/openssl@1.1/include -I/usr/X11/include  -D_DARWIN_C_SOURCE CPP=mpicc -E --cache-file=/dev/null --srcdir=.

## --------- ##
## Platform. ##
## --------- ##

hostname = dojos-MacBook-Pro.local
uname -m = x86_64
uname -r = 17.0.0
uname -s = Darwin
uname -v = Darwin Kernel Version 17.0.0: Thu Aug 24 22:01:05 PDT 2017; root:xnu-4570.1.46~3/RELEASE_X86_64

/usr/bin/uname -p = i386
/bin/uname -X     = unknown

/bin/arch              = unknown
/usr/bin/arch -k       = unknown
/usr/convex/getsysinfo = unknown
/usr/bin/hostinfo      = Mach kernel version:
	 Darwin Kernel Version 17.0.0: Thu Aug 24 22:01:05 PDT 2017; root:xnu-4570.1.46~3/RELEASE_X86_64
Kernel configured for up to 4 processors.
2 processors are physically available.
4 processors are logically available.
Processor type: i486 (Intel 80486)
Processors active: 0 1 2 3
Primary memory available: 8.00 gigabytes
Default processor set: 354 tasks, 1220 threads, 4 processors
Load average: 17.22, Mach factor: 0.27
/bin/machine           = unknown
/usr/bin/oslevel       = unknown
/bin/universe          = unknown

PATH: /Library/Frameworks/Python.framework/Versions/3.6/bin
PATH: /usr/local/opt/parallel-netcdf/include
PATH: /Users/dojo/work/.npm/bin/
PATH: /usr/local/opt/sqlite/bin
PATH: /usr/local/opt/tcl-tk/bin
PATH: /usr/local/opt/sphinx-doc/bin
PATH: /usr/local/opt/readline/bin
PATH: /usr/local/opt/e2fsprogs/bin
PATH: /usr/local/opt/libxml2/bin
PATH: /usr/local/opt/libarchive/bin
PATH: /usr/local/opt/icu4c/sbin
PATH: /usr/local/opt/icu4c/bin
PATH: /usr/local/opt/gnu-getopt/bin
PATH: /usr/local/opt/bison/bin
PATH: /usr/local/opt/gettext/bin
PATH: /usr/local/opt/m4/bin
PATH: /usr/local/opt/gpatch/bin
PATH: /Users/dojo/.cargo/bin
PATH: /usr/local/opt/bison/bin
PATH: /usr/local/opt/gettext/bin
PATH: /usr/local/opt/m4/bin
PATH: /home/linuxbrew/.linuxbrew/bin
PATH: /Applications/Xcode.app/Contents/Developer/Toolchains/XcodeDefault.xctoolchain/usr/lib/clang/4.2/include
PATH: /usr/local/opt/texinfo/bin
PATH: /opt/local/bin
PATH: /opt/local/sbin
PATH: ~/work/.npm/bin
PATH: /Library/Developer/Toolchains/swift-latest.xctoolchain/usr/bin
PATH: /usr/local/heroku/bin
PATH: /usr/local/opt/qt/bin
PATH: /Applications/RStudio.app/Contents/MacOS
PATH: /usr/local/opt/dex2jar/bin
PATH: /usr/local/opt/libarchive/bin
PATH: /usr/local/opt/curl/bin
PATH: /usr/local/opt/mingw-w64/bin
PATH: /usr/local/opt/curl/bin
PATH: /usr/local/opt/gmp/lib
PATH: /usr/local/opt/make/bin
PATH: /usr/local/opt/cmake/bin
PATH: /usr/local/opt/gnu-sed/libexec/gnubin
PATH: /usr/local/opt/coreutils/libexec/gnubin
PATH: /usr/local/opt/binutils/lib
PATH: /usr/local/opt/binutils/include
PATH: /usr/local/opt/binutils/bin
PATH: /usr/local/opt/gc/lib/gcc/7
PATH: /usr/local/mysql/bin
PATH: /bin
PATH: /bin
PATH: /usr/local/bin
PATH: /usr/local
PATH: /usr/local/sbin
PATH: /usr/local/include
PATH: /usr/local/opt/valgrind/bin
PATH: /usr/local/opt/llvm/bin
PATH: /usr/local/opt/graphviz/bin
PATH: /usr/local/cuda/bin
PATH: /usr/X11/bin
PATH: /usr/local/opt/opencv3/bin
PATH: /usr/local/bin
PATH: /usr/bin
PATH: /bin
PATH: /usr/sbin
PATH: /sbin
PATH: /opt/X11/bin
PATH: /Library/Frameworks/Mono.framework/Versions/Current/Commands
PATH: /usr/local/opt/tomee-plus/libexec/bin
PATH: /usr/local/opt/node/bin
PATH: /Users/dojo/Library/Android/sdk/platform-tools
PATH: /Users/dojo/Library/Android/sdk/tools
PATH: /Users/dojo/golang/bin
PATH: /usr/local/opt/go/libexec/bin
PATH: /usr/local/opt/apache-spark/libexec
PATH: /usr/local/opt/apache-spark/bin
PATH: /usr/local/opt/apache-spark/libexec/sbin
PATH: /usr/local/opt/openssl/lib
PATH: /Volumes/data/WorkSpace


## ----------- ##
## Core tests. ##
## ----------- ##

configure:2281: checking for a BSD-compatible install
configure:2349: result: /usr/local/opt/coreutils/libexec/gnubin/install -c
configure:2360: checking whether build environment is sane
configure:2415: result: yes
configure:2566: checking for a thread-safe mkdir -p
configure:2605: result: /usr/local/opt/coreutils/libexec/gnubin/mkdir -p
configure:2612: checking for gawk
configure:2628: found /usr/local/bin/gawk
configure:2639: result: gawk
configure:2650: checking whether make sets $(MAKE)
configure:2672: result: yes
configure:2701: checking whether make supports nested variables
configure:2718: result: yes
configure:2857: checking for style of include used by make
configure:2885: result: GNU
configure:3029: checking for C compiler version
configure:3038: mpicc --version >&5
clang version 5.0.0 (tags/RELEASE_500/final)
Target: x86_64-apple-darwin17.0.0
Thread model: posix
InstalledDir: /usr/local/opt/llvm/bin
configure:3049: $? = 0
configure:3038: mpicc -v >&5
clang version 5.0.0 (tags/RELEASE_500/final)
Target: x86_64-apple-darwin17.0.0
Thread model: posix
InstalledDir: /usr/local/opt/llvm/bin
Found CUDA installation: /usr/local/cuda, version 8.0
configure:3049: $? = 0
configure:3038: mpicc -V >&5
clang-5.0: error: argument to '-V' is missing (expected 1 value)
clang-5.0: error: no input files
configure:3049: $? = 1
configure:3038: mpicc -qversion >&5
clang-5.0: error: unknown argument: '-qversion'
clang-5.0: error: no input files
configure:3049: $? = 1
configure:3069: checking whether the C compiler works
configure:3091: mpicc -fomit-frame-pointer -funroll-loops  -ffast-math -Ofast -fno-signed-zeros -ffp-contract=fast -mmmx -msse -maes -march=native  -g -march=native  -I/usr/local/opt/python3/include -I/usr/local/opt/lapack/include -I/usr/local/opt/openblas/include -I/usr/local/opt/llvm/include -I/usr/local/opt/sqlite/include -I/usr/local/opt/readline/include -I/usr/local/opt/openssl@1.1/include -I/usr/X11/include  -D_DARWIN_C_SOURCE -I/usr/local/opt/python3/lib -L/usr/local/opt/lapack/lib -L/usr/local/opt/openblas/lib -L/usr/local/opt/llvm/lib -L/usr/local/opt/sqlite/lib -L/usr/local/opt/readline/lib -L/usr/local/opt/openssl@1.1/lib -L/usr/X11/lib  conftest.c  >&5
configure:3095: $? = 0
configure:3143: result: yes
configure:3146: checking for C compiler default output file name
configure:3148: result: a.out
configure:3154: checking for suffix of executables
configure:3161: mpicc -o conftest -fomit-frame-pointer -funroll-loops  -ffast-math -Ofast -fno-signed-zeros -ffp-contract=fast -mmmx -msse -maes -march=native  -g -march=native  -I/usr/local/opt/python3/include -I/usr/local/opt/lapack/include -I/usr/local/opt/openblas/include -I/usr/local/opt/llvm/include -I/usr/local/opt/sqlite/include -I/usr/local/opt/readline/include -I/usr/local/opt/openssl@1.1/include -I/usr/X11/include  -D_DARWIN_C_SOURCE -I/usr/local/opt/python3/lib -L/usr/local/opt/lapack/lib -L/usr/local/opt/openblas/lib -L/usr/local/opt/llvm/lib -L/usr/local/opt/sqlite/lib -L/usr/local/opt/readline/lib -L/usr/local/opt/openssl@1.1/lib -L/usr/X11/lib  conftest.c  >&5
configure:3165: $? = 0
configure:3187: result: 
configure:3209: checking whether we are cross compiling
configure:3217: mpicc -o conftest -fomit-frame-pointer -funroll-loops  -ffast-math -Ofast -fno-signed-zeros -ffp-contract=fast -mmmx -msse -maes -march=native  -g -march=native  -I/usr/local/opt/python3/include -I/usr/local/opt/lapack/include -I/usr/local/opt/openblas/include -I/usr/local/opt/llvm/include -I/usr/local/opt/sqlite/include -I/usr/local/opt/readline/include -I/usr/local/opt/openssl@1.1/include -I/usr/X11/include  -D_DARWIN_C_SOURCE -I/usr/local/opt/python3/lib -L/usr/local/opt/lapack/lib -L/usr/local/opt/openblas/lib -L/usr/local/opt/llvm/lib -L/usr/local/opt/sqlite/lib -L/usr/local/opt/readline/lib -L/usr/local/opt/openssl@1.1/lib -L/usr/X11/lib  conftest.c  >&5
configure:3221: $? = 0
configure:3228: ./conftest
configure:3232: $? = 0
configure:3247: result: no
configure:3252: checking for suffix of object files
configure:3274: mpicc -c -fomit-frame-pointer -funroll-loops  -ffast-math -Ofast -fno-signed-zeros -ffp-contract=fast -mmmx -msse -maes -march=native  -g -march=native  -I/usr/local/opt/python3/include -I/usr/local/opt/lapack/include -I/usr/local/opt/openblas/include -I/usr/local/opt/llvm/include -I/usr/local/opt/sqlite/include -I/usr/local/opt/readline/include -I/usr/local/opt/openssl@1.1/include -I/usr/X11/include  -D_DARWIN_C_SOURCE conftest.c >&5
configure:3278: $? = 0
configure:3299: result: o
configure:3303: checking whether we are using the GNU C compiler
configure:3322: mpicc -c -fomit-frame-pointer -funroll-loops  -ffast-math -Ofast -fno-signed-zeros -ffp-contract=fast -mmmx -msse -maes -march=native  -g -march=native  -I/usr/local/opt/python3/include -I/usr/local/opt/lapack/include -I/usr/local/opt/openblas/include -I/usr/local/opt/llvm/include -I/usr/local/opt/sqlite/include -I/usr/local/opt/readline/include -I/usr/local/opt/openssl@1.1/include -I/usr/X11/include  -D_DARWIN_C_SOURCE conftest.c >&5
configure:3322: $? = 0
configure:3331: result: yes
configure:3340: checking whether mpicc accepts -g
configure:3360: mpicc -c -g -I/usr/local/opt/python3/include -I/usr/local/opt/lapack/include -I/usr/local/opt/openblas/include -I/usr/local/opt/llvm/include -I/usr/local/opt/sqlite/include -I/usr/local/opt/readline/include -I/usr/local/opt/openssl@1.1/include -I/usr/X11/include  -D_DARWIN_C_SOURCE conftest.c >&5
configure:3360: $? = 0
configure:3401: result: yes
configure:3418: checking for mpicc option to accept ISO C89
configure:3481: mpicc  -c -fomit-frame-pointer -funroll-loops  -ffast-math -Ofast -fno-signed-zeros -ffp-contract=fast -mmmx -msse -maes -march=native  -g -march=native  -I/usr/local/opt/python3/include -I/usr/local/opt/lapack/include -I/usr/local/opt/openblas/include -I/usr/local/opt/llvm/include -I/usr/local/opt/sqlite/include -I/usr/local/opt/readline/include -I/usr/local/opt/openssl@1.1/include -I/usr/X11/include  -D_DARWIN_C_SOURCE conftest.c >&5
configure:3481: $? = 0
configure:3494: result: none needed
configure:3519: checking whether mpicc understands -c and -o together
configure:3541: mpicc -c conftest.c -o conftest2.o
configure:3544: $? = 0
configure:3541: mpicc -c conftest.c -o conftest2.o
configure:3544: $? = 0
configure:3556: result: yes
configure:3575: checking dependency style of mpicc
configure:3686: result: gcc3
configure:3759: checking for ar
configure:3775: found /usr/bin/ar
configure:3786: result: ar
configure:3812: checking the archiver (ar) interface
configure:3828: mpicc -c -fomit-frame-pointer -funroll-loops  -ffast-math -Ofast -fno-signed-zeros -ffp-contract=fast -mmmx -msse -maes -march=native  -g -march=native  -I/usr/local/opt/python3/include -I/usr/local/opt/lapack/include -I/usr/local/opt/openblas/include -I/usr/local/opt/llvm/include -I/usr/local/opt/sqlite/include -I/usr/local/opt/readline/include -I/usr/local/opt/openssl@1.1/include -I/usr/X11/include  -D_DARWIN_C_SOURCE conftest.c >&5
configure:3828: $? = 0
configure:3830: ar cru libconftest.a conftest.o >&5
configure:3833: $? = 0
configure:3861: result: ar
configure:3921: checking build system type
configure:3935: result: x86_64-apple-darwin17.0.0
configure:3955: checking host system type
configure:3968: result: x86_64-apple-darwin17.0.0
configure:4009: checking how to print strings
configure:4036: result: printf
configure:4057: checking for a sed that does not truncate output
configure:4121: result: /usr/local/opt/gnu-sed/libexec/gnubin/sed
configure:4139: checking for grep that handles long lines and -e
configure:4197: result: /usr/local/bin/grep
configure:4202: checking for egrep
configure:4264: result: /usr/local/bin/grep -E
configure:4269: checking for fgrep
configure:4331: result: /usr/local/bin/grep -F
configure:4366: checking for ld used by mpicc
configure:4433: result: /usr/bin/ld
configure:4440: checking if the linker (/usr/bin/ld) is GNU ld
configure:4455: result: no
configure:4467: checking for BSD- or MS-compatible name lister (nm)
configure:4521: result: /usr/bin/nm -B
configure:4651: checking the name lister (/usr/bin/nm -B) interface
configure:4658: mpicc -c -fomit-frame-pointer -funroll-loops  -ffast-math -Ofast -fno-signed-zeros -ffp-contract=fast -mmmx -msse -maes -march=native  -g -march=native  -I/usr/local/opt/python3/include -I/usr/local/opt/lapack/include -I/usr/local/opt/openblas/include -I/usr/local/opt/llvm/include -I/usr/local/opt/sqlite/include -I/usr/local/opt/readline/include -I/usr/local/opt/openssl@1.1/include -I/usr/X11/include  -D_DARWIN_C_SOURCE conftest.c >&5
configure:4661: /usr/bin/nm -B "conftest.o"
configure:4664: output
00000000000001d0 S _some_variable
configure:4671: result: BSD nm
configure:4674: checking whether ln -s works
configure:4678: result: yes
configure:4686: checking the maximum length of command line arguments
configure:4817: result: 196608
configure:4865: checking how to convert x86_64-apple-darwin17.0.0 file names to x86_64-apple-darwin17.0.0 format
configure:4905: result: func_convert_file_noop
configure:4912: checking how to convert x86_64-apple-darwin17.0.0 file names to toolchain format
configure:4932: result: func_convert_file_noop
configure:4939: checking for /usr/bin/ld option to reload object files
configure:4946: result: -r
configure:5020: checking for objdump
configure:5036: found /usr/bin/objdump
configure:5047: result: objdump
configure:5079: checking how to recognize dependent libraries
configure:5279: result: pass_all
configure:5364: checking for dlltool
configure:5394: result: no
configure:5424: checking how to associate runtime and link libraries
configure:5451: result: printf %s\n
configure:5575: checking for archiver @FILE support
configure:5592: mpicc -c -fomit-frame-pointer -funroll-loops  -ffast-math -Ofast -fno-signed-zeros -ffp-contract=fast -mmmx -msse -maes -march=native  -g -march=native  -I/usr/local/opt/python3/include -I/usr/local/opt/lapack/include -I/usr/local/opt/openblas/include -I/usr/local/opt/llvm/include -I/usr/local/opt/sqlite/include -I/usr/local/opt/readline/include -I/usr/local/opt/openssl@1.1/include -I/usr/X11/include  -D_DARWIN_C_SOURCE conftest.c >&5
configure:5592: $? = 0
configure:5595: ar cru libconftest.a @conftest.lst >&5
ar: @conftest.lst: No such file or directory
configure:5598: $? = 1
configure:5618: result: no
configure:5676: checking for strip
configure:5692: found /usr/bin/strip
configure:5703: result: strip
configure:5775: checking for ranlib
configure:5791: found /usr/bin/ranlib
configure:5802: result: ranlib
configure:5904: checking command to parse /usr/bin/nm -B output from mpicc object
configure:6057: mpicc -c -fomit-frame-pointer -funroll-loops  -ffast-math -Ofast -fno-signed-zeros -ffp-contract=fast -mmmx -msse -maes -march=native  -g -march=native  -I/usr/local/opt/python3/include -I/usr/local/opt/lapack/include -I/usr/local/opt/openblas/include -I/usr/local/opt/llvm/include -I/usr/local/opt/sqlite/include -I/usr/local/opt/readline/include -I/usr/local/opt/openssl@1.1/include -I/usr/X11/include  -D_DARWIN_C_SOURCE conftest.c >&5
configure:6060: $? = 0
configure:6064: /usr/bin/nm -B conftest.o \| sed -n -e 's/^.*[ ]\([BCDEGRST][BCDEGRST]*\)[ ][ ]*\([_A-Za-z][_A-Za-z0-9]*\)$/\1 \2 \2/p' | sed '/ __gnu_lto/d' \> conftest.nm
configure:6067: $? = 0
cannot find nm_test_var in conftest.nm
configure:6057: mpicc -c -fomit-frame-pointer -funroll-loops  -ffast-math -Ofast -fno-signed-zeros -ffp-contract=fast -mmmx -msse -maes -march=native  -g -march=native  -I/usr/local/opt/python3/include -I/usr/local/opt/lapack/include -I/usr/local/opt/openblas/include -I/usr/local/opt/llvm/include -I/usr/local/opt/sqlite/include -I/usr/local/opt/readline/include -I/usr/local/opt/openssl@1.1/include -I/usr/X11/include  -D_DARWIN_C_SOURCE conftest.c >&5
configure:6060: $? = 0
configure:6064: /usr/bin/nm -B conftest.o \| sed -n -e 's/^.*[ ]\([BCDEGRST][BCDEGRST]*\)[ ][ ]*_\([_A-Za-z][_A-Za-z0-9]*\)$/\1 _\2 \2/p' | sed '/ __gnu_lto/d' \> conftest.nm
configure:6067: $? = 0
configure:6133: mpicc -o conftest -fomit-frame-pointer -funroll-loops  -ffast-math -Ofast -fno-signed-zeros -ffp-contract=fast -mmmx -msse -maes -march=native  -g -march=native  -I/usr/local/opt/python3/include -I/usr/local/opt/lapack/include -I/usr/local/opt/openblas/include -I/usr/local/opt/llvm/include -I/usr/local/opt/sqlite/include -I/usr/local/opt/readline/include -I/usr/local/opt/openssl@1.1/include -I/usr/X11/include  -D_DARWIN_C_SOURCE -I/usr/local/opt/python3/lib -L/usr/local/opt/lapack/lib -L/usr/local/opt/openblas/lib -L/usr/local/opt/llvm/lib -L/usr/local/opt/sqlite/lib -L/usr/local/opt/readline/lib -L/usr/local/opt/openssl@1.1/lib -L/usr/X11/lib  conftest.c conftstm.o >&5
warning: (x86_64)  could not find object file symbol for symbol _main
configure:6136: $? = 0
configure:6174: result: ok
configure:6221: checking for sysroot
configure:6251: result: no
configure:6258: checking for a working dd
configure:6296: result: /usr/local/opt/coreutils/libexec/gnubin/dd
configure:6300: checking how to truncate binary pipes
configure:6315: result: /usr/local/opt/coreutils/libexec/gnubin/dd bs=4096 count=1
configure:6644: checking for mt
configure:6674: result: no
configure:6694: checking if : is a manifest tool
configure:6700: : '-?'
configure:6708: result: no
configure:6764: checking for dsymutil
configure:6780: found /usr/bin/dsymutil
configure:6791: result: dsymutil
configure:6856: checking for nmedit
configure:6872: found /usr/bin/nmedit
configure:6883: result: nmedit
configure:6948: checking for lipo
configure:6964: found /usr/bin/lipo
configure:6975: result: lipo
configure:7040: checking for otool
configure:7056: found /usr/bin/otool
configure:7067: result: otool
configure:7132: checking for otool64
configure:7162: result: no
configure:7207: checking for -single_module linker flag
mpicc -fomit-frame-pointer -funroll-loops  -ffast-math -Ofast -fno-signed-zeros -ffp-contract=fast -mmmx -msse -maes -march=native  -g -march=native  -I/usr/local/opt/python3/lib -L/usr/local/opt/lapack/lib -L/usr/local/opt/openblas/lib -L/usr/local/opt/llvm/lib -L/usr/local/opt/sqlite/lib -L/usr/local/opt/readline/lib -L/usr/local/opt/openssl@1.1/lib -L/usr/X11/lib  -o libconftest.dylib -dynamiclib -Wl,-single_module conftest.c
configure:7240: result: yes
configure:7243: checking for -exported_symbols_list linker flag
configure:7263: mpicc -o conftest -fomit-frame-pointer -funroll-loops  -ffast-math -Ofast -fno-signed-zeros -ffp-contract=fast -mmmx -msse -maes -march=native  -g -march=native  -I/usr/local/opt/python3/include -I/usr/local/opt/lapack/include -I/usr/local/opt/openblas/include -I/usr/local/opt/llvm/include -I/usr/local/opt/sqlite/include -I/usr/local/opt/readline/include -I/usr/local/opt/openssl@1.1/include -I/usr/X11/include  -D_DARWIN_C_SOURCE -I/usr/local/opt/python3/lib -L/usr/local/opt/lapack/lib -L/usr/local/opt/openblas/lib -L/usr/local/opt/llvm/lib -L/usr/local/opt/sqlite/lib -L/usr/local/opt/readline/lib -L/usr/local/opt/openssl@1.1/lib -L/usr/X11/lib  -Wl,-exported_symbols_list,conftest.sym conftest.c  >&5
configure:7263: $? = 0
configure:7273: result: yes
configure:7276: checking for -force_load linker flag
mpicc -fomit-frame-pointer -funroll-loops  -ffast-math -Ofast -fno-signed-zeros -ffp-contract=fast -mmmx -msse -maes -march=native  -g -march=native  -c -o conftest.o conftest.c
ar cru libconftest.a conftest.o
ranlib libconftest.a
mpicc -fomit-frame-pointer -funroll-loops  -ffast-math -Ofast -fno-signed-zeros -ffp-contract=fast -mmmx -msse -maes -march=native  -g -march=native  -I/usr/local/opt/python3/lib -L/usr/local/opt/lapack/lib -L/usr/local/opt/openblas/lib -L/usr/local/opt/llvm/lib -L/usr/local/opt/sqlite/lib -L/usr/local/opt/readline/lib -L/usr/local/opt/openssl@1.1/lib -L/usr/X11/lib  -o conftest conftest.c -Wl,-force_load,./libconftest.a
configure:7308: result: yes
configure:7385: checking how to run the C preprocessor
configure:7455: result: mpicc -E
configure:7475: mpicc -E -I/usr/local/opt/python3/include -I/usr/local/opt/lapack/include -I/usr/local/opt/openblas/include -I/usr/local/opt/llvm/include -I/usr/local/opt/sqlite/include -I/usr/local/opt/readline/include -I/usr/local/opt/openssl@1.1/include -I/usr/X11/include  -D_DARWIN_C_SOURCE conftest.c
configure:7475: $? = 0
configure:7489: mpicc -E -I/usr/local/opt/python3/include -I/usr/local/opt/lapack/include -I/usr/local/opt/openblas/include -I/usr/local/opt/llvm/include -I/usr/local/opt/sqlite/include -I/usr/local/opt/readline/include -I/usr/local/opt/openssl@1.1/include -I/usr/X11/include  -D_DARWIN_C_SOURCE conftest.c
conftest.c:11:10: fatal error: 'ac_nonexistent.h' file not found
#include <ac_nonexistent.h>
         ^~~~~~~~~~~~~~~~~~
1 error generated.
configure:7489: $? = 1
configure: failed program was:
| /* confdefs.h */
| #define PACKAGE_NAME "MPL"
| #define PACKAGE_TARNAME "mpl"
| #define PACKAGE_VERSION "0.1"
| #define PACKAGE_STRING "MPL 0.1"
| #define PACKAGE_BUGREPORT ""
| #define PACKAGE_URL ""
| #define PACKAGE "mpl"
| #define VERSION "0.1"
| /* end confdefs.h.  */
| #include <ac_nonexistent.h>
configure:7518: checking for ANSI C header files
configure:7538: mpicc -c -fomit-frame-pointer -funroll-loops  -ffast-math -Ofast -fno-signed-zeros -ffp-contract=fast -mmmx -msse -maes -march=native  -g -march=native  -I/usr/local/opt/python3/include -I/usr/local/opt/lapack/include -I/usr/local/opt/openblas/include -I/usr/local/opt/llvm/include -I/usr/local/opt/sqlite/include -I/usr/local/opt/readline/include -I/usr/local/opt/openssl@1.1/include -I/usr/X11/include  -D_DARWIN_C_SOURCE conftest.c >&5
configure:7538: $? = 0
configure:7611: mpicc -o conftest -fomit-frame-pointer -funroll-loops  -ffast-math -Ofast -fno-signed-zeros -ffp-contract=fast -mmmx -msse -maes -march=native  -g -march=native  -I/usr/local/opt/python3/include -I/usr/local/opt/lapack/include -I/usr/local/opt/openblas/include -I/usr/local/opt/llvm/include -I/usr/local/opt/sqlite/include -I/usr/local/opt/readline/include -I/usr/local/opt/openssl@1.1/include -I/usr/X11/include  -D_DARWIN_C_SOURCE -I/usr/local/opt/python3/lib -L/usr/local/opt/lapack/lib -L/usr/local/opt/openblas/lib -L/usr/local/opt/llvm/lib -L/usr/local/opt/sqlite/lib -L/usr/local/opt/readline/lib -L/usr/local/opt/openssl@1.1/lib -L/usr/X11/lib  conftest.c  >&5
configure:7611: $? = 0
configure:7611: ./conftest
configure:7611: $? = 0
configure:7622: result: yes
configure:7635: checking for sys/types.h
configure:7635: mpicc -c -fomit-frame-pointer -funroll-loops  -ffast-math -Ofast -fno-signed-zeros -ffp-contract=fast -mmmx -msse -maes -march=native  -g -march=native  -I/usr/local/opt/python3/include -I/usr/local/opt/lapack/include -I/usr/local/opt/openblas/include -I/usr/local/opt/llvm/include -I/usr/local/opt/sqlite/include -I/usr/local/opt/readline/include -I/usr/local/opt/openssl@1.1/include -I/usr/X11/include  -D_DARWIN_C_SOURCE conftest.c >&5
configure:7635: $? = 0
configure:7635: result: yes
configure:7635: checking for sys/stat.h
configure:7635: mpicc -c -fomit-frame-pointer -funroll-loops  -ffast-math -Ofast -fno-signed-zeros -ffp-contract=fast -mmmx -msse -maes -march=native  -g -march=native  -I/usr/local/opt/python3/include -I/usr/local/opt/lapack/include -I/usr/local/opt/openblas/include -I/usr/local/opt/llvm/include -I/usr/local/opt/sqlite/include -I/usr/local/opt/readline/include -I/usr/local/opt/openssl@1.1/include -I/usr/X11/include  -D_DARWIN_C_SOURCE conftest.c >&5
configure:7635: $? = 0
configure:7635: result: yes
configure:7635: checking for stdlib.h
configure:7635: mpicc -c -fomit-frame-pointer -funroll-loops  -ffast-math -Ofast -fno-signed-zeros -ffp-contract=fast -mmmx -msse -maes -march=native  -g -march=native  -I/usr/local/opt/python3/include -I/usr/local/opt/lapack/include -I/usr/local/opt/openblas/include -I/usr/local/opt/llvm/include -I/usr/local/opt/sqlite/include -I/usr/local/opt/readline/include -I/usr/local/opt/openssl@1.1/include -I/usr/X11/include  -D_DARWIN_C_SOURCE conftest.c >&5
configure:7635: $? = 0
configure:7635: result: yes
configure:7635: checking for string.h
configure:7635: mpicc -c -fomit-frame-pointer -funroll-loops  -ffast-math -Ofast -fno-signed-zeros -ffp-contract=fast -mmmx -msse -maes -march=native  -g -march=native  -I/usr/local/opt/python3/include -I/usr/local/opt/lapack/include -I/usr/local/opt/openblas/include -I/usr/local/opt/llvm/include -I/usr/local/opt/sqlite/include -I/usr/local/opt/readline/include -I/usr/local/opt/openssl@1.1/include -I/usr/X11/include  -D_DARWIN_C_SOURCE conftest.c >&5
configure:7635: $? = 0
configure:7635: result: yes
configure:7635: checking for memory.h
configure:7635: mpicc -c -fomit-frame-pointer -funroll-loops  -ffast-math -Ofast -fno-signed-zeros -ffp-contract=fast -mmmx -msse -maes -march=native  -g -march=native  -I/usr/local/opt/python3/include -I/usr/local/opt/lapack/include -I/usr/local/opt/openblas/include -I/usr/local/opt/llvm/include -I/usr/local/opt/sqlite/include -I/usr/local/opt/readline/include -I/usr/local/opt/openssl@1.1/include -I/usr/X11/include  -D_DARWIN_C_SOURCE conftest.c >&5
configure:7635: $? = 0
configure:7635: result: yes
configure:7635: checking for strings.h
configure:7635: mpicc -c -fomit-frame-pointer -funroll-loops  -ffast-math -Ofast -fno-signed-zeros -ffp-contract=fast -mmmx -msse -maes -march=native  -g -march=native  -I/usr/local/opt/python3/include -I/usr/local/opt/lapack/include -I/usr/local/opt/openblas/include -I/usr/local/opt/llvm/include -I/usr/local/opt/sqlite/include -I/usr/local/opt/readline/include -I/usr/local/opt/openssl@1.1/include -I/usr/X11/include  -D_DARWIN_C_SOURCE conftest.c >&5
configure:7635: $? = 0
configure:7635: result: yes
configure:7635: checking for inttypes.h
configure:7635: mpicc -c -fomit-frame-pointer -funroll-loops  -ffast-math -Ofast -fno-signed-zeros -ffp-contract=fast -mmmx -msse -maes -march=native  -g -march=native  -I/usr/local/opt/python3/include -I/usr/local/opt/lapack/include -I/usr/local/opt/openblas/include -I/usr/local/opt/llvm/include -I/usr/local/opt/sqlite/include -I/usr/local/opt/readline/include -I/usr/local/opt/openssl@1.1/include -I/usr/X11/include  -D_DARWIN_C_SOURCE conftest.c >&5
configure:7635: $? = 0
configure:7635: result: yes
configure:7635: checking for stdint.h
configure:7635: mpicc -c -fomit-frame-pointer -funroll-loops  -ffast-math -Ofast -fno-signed-zeros -ffp-contract=fast -mmmx -msse -maes -march=native  -g -march=native  -I/usr/local/opt/python3/include -I/usr/local/opt/lapack/include -I/usr/local/opt/openblas/include -I/usr/local/opt/llvm/include -I/usr/local/opt/sqlite/include -I/usr/local/opt/readline/include -I/usr/local/opt/openssl@1.1/include -I/usr/X11/include  -D_DARWIN_C_SOURCE conftest.c >&5
configure:7635: $? = 0
configure:7635: result: yes
configure:7635: checking for unistd.h
configure:7635: mpicc -c -fomit-frame-pointer -funroll-loops  -ffast-math -Ofast -fno-signed-zeros -ffp-contract=fast -mmmx -msse -maes -march=native  -g -march=native  -I/usr/local/opt/python3/include -I/usr/local/opt/lapack/include -I/usr/local/opt/openblas/include -I/usr/local/opt/llvm/include -I/usr/local/opt/sqlite/include -I/usr/local/opt/readline/include -I/usr/local/opt/openssl@1.1/include -I/usr/X11/include  -D_DARWIN_C_SOURCE conftest.c >&5
configure:7635: $? = 0
configure:7635: result: yes
configure:7649: checking for dlfcn.h
configure:7649: mpicc -c -fomit-frame-pointer -funroll-loops  -ffast-math -Ofast -fno-signed-zeros -ffp-contract=fast -mmmx -msse -maes -march=native  -g -march=native  -I/usr/local/opt/python3/include -I/usr/local/opt/lapack/include -I/usr/local/opt/openblas/include -I/usr/local/opt/llvm/include -I/usr/local/opt/sqlite/include -I/usr/local/opt/readline/include -I/usr/local/opt/openssl@1.1/include -I/usr/X11/include  -D_DARWIN_C_SOURCE conftest.c >&5
configure:7649: $? = 0
configure:7649: result: yes
configure:7905: checking for objdir
configure:7920: result: .libs
configure:8184: checking if mpicc supports -fno-rtti -fno-exceptions
configure:8202: mpicc -c -fomit-frame-pointer -funroll-loops  -ffast-math -Ofast -fno-signed-zeros -ffp-contract=fast -mmmx -msse -maes -march=native  -g -march=native  -I/usr/local/opt/python3/include -I/usr/local/opt/lapack/include -I/usr/local/opt/openblas/include -I/usr/local/opt/llvm/include -I/usr/local/opt/sqlite/include -I/usr/local/opt/readline/include -I/usr/local/opt/openssl@1.1/include -I/usr/X11/include  -D_DARWIN_C_SOURCE -fno-rtti -fno-exceptions conftest.c >&5
configure:8206: $? = 0
configure:8219: result: yes
configure:8577: checking for mpicc option to produce PIC
configure:8584: result: -fno-common -DPIC
configure:8592: checking if mpicc PIC flag -fno-common -DPIC works
configure:8610: mpicc -c -fomit-frame-pointer -funroll-loops  -ffast-math -Ofast -fno-signed-zeros -ffp-contract=fast -mmmx -msse -maes -march=native  -g -march=native  -I/usr/local/opt/python3/include -I/usr/local/opt/lapack/include -I/usr/local/opt/openblas/include -I/usr/local/opt/llvm/include -I/usr/local/opt/sqlite/include -I/usr/local/opt/readline/include -I/usr/local/opt/openssl@1.1/include -I/usr/X11/include  -D_DARWIN_C_SOURCE -fno-common -DPIC -DPIC conftest.c >&5
configure:8614: $? = 0
configure:8627: result: yes
configure:8656: checking if mpicc static flag -static works
configure:8684: result: no
configure:8699: checking if mpicc supports -c -o file.o
configure:8720: mpicc -c -fomit-frame-pointer -funroll-loops  -ffast-math -Ofast -fno-signed-zeros -ffp-contract=fast -mmmx -msse -maes -march=native  -g -march=native  -I/usr/local/opt/python3/include -I/usr/local/opt/lapack/include -I/usr/local/opt/openblas/include -I/usr/local/opt/llvm/include -I/usr/local/opt/sqlite/include -I/usr/local/opt/readline/include -I/usr/local/opt/openssl@1.1/include -I/usr/X11/include  -D_DARWIN_C_SOURCE -o out/conftest2.o conftest.c >&5
configure:8724: $? = 0
configure:8746: result: yes
configure:8754: checking if mpicc supports -c -o file.o
configure:8801: result: yes
configure:8834: checking whether the mpicc linker (/usr/bin/ld) supports shared libraries
configure:10093: result: yes
configure:10333: checking dynamic linker characteristics
configure:11151: result: darwin17.0.0 dyld
configure:11273: checking how to hardcode library paths into programs
configure:11298: result: immediate
configure:11846: checking whether stripping libraries is possible
configure:11860: result: yes
configure:11886: checking if libtool supports shared libraries
configure:11888: result: yes
configure:11891: checking whether to build shared libraries
configure:11916: result: yes
configure:11919: checking whether to build static libraries
configure:11923: result: yes
configure:11997: checking whether make supports nested variables
configure:12014: result: yes
configure:12026: checking for an ANSI C-conforming const
configure:12092: mpicc -c -fomit-frame-pointer -funroll-loops  -ffast-math -Ofast -fno-signed-zeros -ffp-contract=fast -mmmx -msse -maes -march=native  -g -march=native  -I/usr/local/opt/python3/include -I/usr/local/opt/lapack/include -I/usr/local/opt/openblas/include -I/usr/local/opt/llvm/include -I/usr/local/opt/sqlite/include -I/usr/local/opt/readline/include -I/usr/local/opt/openssl@1.1/include -I/usr/X11/include  -D_DARWIN_C_SOURCE conftest.c >&5
configure:12092: $? = 0
configure:12099: result: yes
configure:12107: checking for C/C++ restrict keyword
configure:12132: mpicc -c -fomit-frame-pointer -funroll-loops  -ffast-math -Ofast -fno-signed-zeros -ffp-contract=fast -mmmx -msse -maes -march=native  -g -march=native  -I/usr/local/opt/python3/include -I/usr/local/opt/lapack/include -I/usr/local/opt/openblas/include -I/usr/local/opt/llvm/include -I/usr/local/opt/sqlite/include -I/usr/local/opt/readline/include -I/usr/local/opt/openssl@1.1/include -I/usr/X11/include  -D_DARWIN_C_SOURCE conftest.c >&5
configure:12132: $? = 0
configure:12140: result: __restrict
configure:12153: checking for inline
configure:12169: mpicc -c -fomit-frame-pointer -funroll-loops  -ffast-math -Ofast -fno-signed-zeros -ffp-contract=fast -mmmx -msse -maes -march=native  -g -march=native  -I/usr/local/opt/python3/include -I/usr/local/opt/lapack/include -I/usr/local/opt/openblas/include -I/usr/local/opt/llvm/include -I/usr/local/opt/sqlite/include -I/usr/local/opt/readline/include -I/usr/local/opt/openssl@1.1/include -I/usr/X11/include  -D_DARWIN_C_SOURCE conftest.c >&5
configure:12169: $? = 0
configure:12177: result: inline
configure:12197: checking for variable argument list macro functionality
configure:12213: mpicc -o conftest -fomit-frame-pointer -funroll-loops  -ffast-math -Ofast -fno-signed-zeros -ffp-contract=fast -mmmx -msse -maes -march=native  -g -march=native  -I/usr/local/opt/python3/include -I/usr/local/opt/lapack/include -I/usr/local/opt/openblas/include -I/usr/local/opt/llvm/include -I/usr/local/opt/sqlite/include -I/usr/local/opt/readline/include -I/usr/local/opt/openssl@1.1/include -I/usr/X11/include  -D_DARWIN_C_SOURCE -I/usr/local/opt/python3/lib -L/usr/local/opt/lapack/lib -L/usr/local/opt/openblas/lib -L/usr/local/opt/llvm/lib -L/usr/local/opt/sqlite/lib -L/usr/local/opt/readline/lib -L/usr/local/opt/openssl@1.1/lib -L/usr/X11/lib  conftest.c  >&5
configure:12213: $? = 0
configure:12217: result: yes
configure:12246: checking for gcov
configure:12262: found /usr/bin/gcov
configure:12273: result: gcov
configure:12394: checking whether the compiler supports __typeof(variable)
configure:12410: mpicc -c -fomit-frame-pointer -funroll-loops  -ffast-math -Ofast -fno-signed-zeros -ffp-contract=fast -mmmx -msse -maes -march=native  -g -march=native  -I/usr/local/opt/python3/include -I/usr/local/opt/lapack/include -I/usr/local/opt/openblas/include -I/usr/local/opt/llvm/include -I/usr/local/opt/sqlite/include -I/usr/local/opt/readline/include -I/usr/local/opt/openssl@1.1/include -I/usr/X11/include  -D_DARWIN_C_SOURCE conftest.c >&5
configure:12410: $? = 0
configure:12418: result: yes
configure:12429: checking stdio.h usability
configure:12429: mpicc -c -fomit-frame-pointer -funroll-loops  -ffast-math -Ofast -fno-signed-zeros -ffp-contract=fast -mmmx -msse -maes -march=native  -g -march=native  -I/usr/local/opt/python3/include -I/usr/local/opt/lapack/include -I/usr/local/opt/openblas/include -I/usr/local/opt/llvm/include -I/usr/local/opt/sqlite/include -I/usr/local/opt/readline/include -I/usr/local/opt/openssl@1.1/include -I/usr/X11/include  -D_DARWIN_C_SOURCE conftest.c >&5
configure:12429: $? = 0
configure:12429: result: yes
configure:12429: checking stdio.h presence
configure:12429: mpicc -E -I/usr/local/opt/python3/include -I/usr/local/opt/lapack/include -I/usr/local/opt/openblas/include -I/usr/local/opt/llvm/include -I/usr/local/opt/sqlite/include -I/usr/local/opt/readline/include -I/usr/local/opt/openssl@1.1/include -I/usr/X11/include  -D_DARWIN_C_SOURCE conftest.c
configure:12429: $? = 0
configure:12429: result: yes
configure:12429: checking for stdio.h
configure:12429: result: yes
configure:12429: checking for stdlib.h
configure:12429: result: yes
configure:12429: checking for string.h
configure:12429: result: yes
configure:12429: checking stdarg.h usability
configure:12429: mpicc -c -fomit-frame-pointer -funroll-loops  -ffast-math -Ofast -fno-signed-zeros -ffp-contract=fast -mmmx -msse -maes -march=native  -g -march=native  -I/usr/local/opt/python3/include -I/usr/local/opt/lapack/include -I/usr/local/opt/openblas/include -I/usr/local/opt/llvm/include -I/usr/local/opt/sqlite/include -I/usr/local/opt/readline/include -I/usr/local/opt/openssl@1.1/include -I/usr/X11/include  -D_DARWIN_C_SOURCE conftest.c >&5
configure:12429: $? = 0
configure:12429: result: yes
configure:12429: checking stdarg.h presence
configure:12429: mpicc -E -I/usr/local/opt/python3/include -I/usr/local/opt/lapack/include -I/usr/local/opt/openblas/include -I/usr/local/opt/llvm/include -I/usr/local/opt/sqlite/include -I/usr/local/opt/readline/include -I/usr/local/opt/openssl@1.1/include -I/usr/X11/include  -D_DARWIN_C_SOURCE conftest.c
configure:12429: $? = 0
configure:12429: result: yes
configure:12429: checking for stdarg.h
configure:12429: result: yes
configure:12429: checking ctype.h usability
configure:12429: mpicc -c -fomit-frame-pointer -funroll-loops  -ffast-math -Ofast -fno-signed-zeros -ffp-contract=fast -mmmx -msse -maes -march=native  -g -march=native  -I/usr/local/opt/python3/include -I/usr/local/opt/lapack/include -I/usr/local/opt/openblas/include -I/usr/local/opt/llvm/include -I/usr/local/opt/sqlite/include -I/usr/local/opt/readline/include -I/usr/local/opt/openssl@1.1/include -I/usr/X11/include  -D_DARWIN_C_SOURCE conftest.c >&5
configure:12429: $? = 0
configure:12429: result: yes
configure:12429: checking ctype.h presence
configure:12429: mpicc -E -I/usr/local/opt/python3/include -I/usr/local/opt/lapack/include -I/usr/local/opt/openblas/include -I/usr/local/opt/llvm/include -I/usr/local/opt/sqlite/include -I/usr/local/opt/readline/include -I/usr/local/opt/openssl@1.1/include -I/usr/X11/include  -D_DARWIN_C_SOURCE conftest.c
configure:12429: $? = 0
configure:12429: result: yes
configure:12429: checking for ctype.h
configure:12429: result: yes
configure:12429: checking search.h usability
configure:12429: mpicc -c -fomit-frame-pointer -funroll-loops  -ffast-math -Ofast -fno-signed-zeros -ffp-contract=fast -mmmx -msse -maes -march=native  -g -march=native  -I/usr/local/opt/python3/include -I/usr/local/opt/lapack/include -I/usr/local/opt/openblas/include -I/usr/local/opt/llvm/include -I/usr/local/opt/sqlite/include -I/usr/local/opt/readline/include -I/usr/local/opt/openssl@1.1/include -I/usr/X11/include  -D_DARWIN_C_SOURCE conftest.c >&5
configure:12429: $? = 0
configure:12429: result: yes
configure:12429: checking search.h presence
configure:12429: mpicc -E -I/usr/local/opt/python3/include -I/usr/local/opt/lapack/include -I/usr/local/opt/openblas/include -I/usr/local/opt/llvm/include -I/usr/local/opt/sqlite/include -I/usr/local/opt/readline/include -I/usr/local/opt/openssl@1.1/include -I/usr/X11/include  -D_DARWIN_C_SOURCE conftest.c
configure:12429: $? = 0
configure:12429: result: yes
configure:12429: checking for search.h
configure:12429: result: yes
configure:12429: checking for sys/types.h
configure:12429: result: yes
configure:12429: checking sys/uio.h usability
configure:12429: mpicc -c -fomit-frame-pointer -funroll-loops  -ffast-math -Ofast -fno-signed-zeros -ffp-contract=fast -mmmx -msse -maes -march=native  -g -march=native  -I/usr/local/opt/python3/include -I/usr/local/opt/lapack/include -I/usr/local/opt/openblas/include -I/usr/local/opt/llvm/include -I/usr/local/opt/sqlite/include -I/usr/local/opt/readline/include -I/usr/local/opt/openssl@1.1/include -I/usr/X11/include  -D_DARWIN_C_SOURCE conftest.c >&5
configure:12429: $? = 0
configure:12429: result: yes
configure:12429: checking sys/uio.h presence
configure:12429: mpicc -E -I/usr/local/opt/python3/include -I/usr/local/opt/lapack/include -I/usr/local/opt/openblas/include -I/usr/local/opt/llvm/include -I/usr/local/opt/sqlite/include -I/usr/local/opt/readline/include -I/usr/local/opt/openssl@1.1/include -I/usr/X11/include  -D_DARWIN_C_SOURCE conftest.c
configure:12429: $? = 0
configure:12429: result: yes
configure:12429: checking for sys/uio.h
configure:12429: result: yes
configure:12444: checking for inttypes.h
configure:12444: result: yes
configure:12444: checking for stdint.h
configure:12444: result: yes
configure:12486: checking valgrind.h usability
configure:12486: mpicc -c -fomit-frame-pointer -funroll-loops  -ffast-math -Ofast -fno-signed-zeros -ffp-contract=fast -mmmx -msse -maes -march=native  -g -march=native  -I/usr/local/opt/python3/include -I/usr/local/opt/lapack/include -I/usr/local/opt/openblas/include -I/usr/local/opt/llvm/include -I/usr/local/opt/sqlite/include -I/usr/local/opt/readline/include -I/usr/local/opt/openssl@1.1/include -I/usr/X11/include  -D_DARWIN_C_SOURCE conftest.c >&5
conftest.c:69:10: fatal error: 'valgrind.h' file not found
#include <valgrind.h>
         ^~~~~~~~~~~~
1 error generated.
configure:12486: $? = 1
configure: failed program was:
| /* confdefs.h */
| #define PACKAGE_NAME "MPL"
| #define PACKAGE_TARNAME "mpl"
| #define PACKAGE_VERSION "0.1"
| #define PACKAGE_STRING "MPL 0.1"
| #define PACKAGE_BUGREPORT ""
| #define PACKAGE_URL ""
| #define PACKAGE "mpl"
| #define VERSION "0.1"
| #define STDC_HEADERS 1
| #define HAVE_SYS_TYPES_H 1
| #define HAVE_SYS_STAT_H 1
| #define HAVE_STDLIB_H 1
| #define HAVE_STRING_H 1
| #define HAVE_MEMORY_H 1
| #define HAVE_STRINGS_H 1
| #define HAVE_INTTYPES_H 1
| #define HAVE_STDINT_H 1
| #define HAVE_UNISTD_H 1
| #define HAVE_DLFCN_H 1
| #define LT_OBJDIR ".libs/"
| #define restrict __restrict
| #define HAVE_MACRO_VA_ARGS 1
| #define HAVE___TYPEOF 1
| #define HAVE_STDIO_H 1
| #define HAVE_STDLIB_H 1
| #define HAVE_STRING_H 1
| #define HAVE_STDARG_H 1
| #define HAVE_CTYPE_H 1
| #define HAVE_SEARCH_H 1
| #define HAVE_SYS_TYPES_H 1
| #define HAVE_SYS_UIO_H 1
| #define HAVE_INTTYPES_H 1
| #define HAVE_STDINT_H 1
| /* end confdefs.h.  */
| #include <stdio.h>
| #ifdef HAVE_SYS_TYPES_H
| # include <sys/types.h>
| #endif
| #ifdef HAVE_SYS_STAT_H
| # include <sys/stat.h>
| #endif
| #ifdef STDC_HEADERS
| # include <stdlib.h>
| # include <stddef.h>
| #else
| # ifdef HAVE_STDLIB_H
| #  include <stdlib.h>
| # endif
| #endif
| #ifdef HAVE_STRING_H
| # if !defined STDC_HEADERS && defined HAVE_MEMORY_H
| #  include <memory.h>
| # endif
| # include <string.h>
| #endif
| #ifdef HAVE_STRINGS_H
| # include <strings.h>
| #endif
| #ifdef HAVE_INTTYPES_H
| # include <inttypes.h>
| #endif
| #ifdef HAVE_STDINT_H
| # include <stdint.h>
| #endif
| #ifdef HAVE_UNISTD_H
| # include <unistd.h>
| #endif
| #include <valgrind.h>
configure:12486: result: no
configure:12486: checking valgrind.h presence
configure:12486: mpicc -E -I/usr/local/opt/python3/include -I/usr/local/opt/lapack/include -I/usr/local/opt/openblas/include -I/usr/local/opt/llvm/include -I/usr/local/opt/sqlite/include -I/usr/local/opt/readline/include -I/usr/local/opt/openssl@1.1/include -I/usr/X11/include  -D_DARWIN_C_SOURCE conftest.c
conftest.c:36:10: fatal error: 'valgrind.h' file not found
#include <valgrind.h>
         ^~~~~~~~~~~~
1 error generated.
configure:12486: $? = 1
configure: failed program was:
| /* confdefs.h */
| #define PACKAGE_NAME "MPL"
| #define PACKAGE_TARNAME "mpl"
| #define PACKAGE_VERSION "0.1"
| #define PACKAGE_STRING "MPL 0.1"
| #define PACKAGE_BUGREPORT ""
| #define PACKAGE_URL ""
| #define PACKAGE "mpl"
| #define VERSION "0.1"
| #define STDC_HEADERS 1
| #define HAVE_SYS_TYPES_H 1
| #define HAVE_SYS_STAT_H 1
| #define HAVE_STDLIB_H 1
| #define HAVE_STRING_H 1
| #define HAVE_MEMORY_H 1
| #define HAVE_STRINGS_H 1
| #define HAVE_INTTYPES_H 1
| #define HAVE_STDINT_H 1
| #define HAVE_UNISTD_H 1
| #define HAVE_DLFCN_H 1
| #define LT_OBJDIR ".libs/"
| #define restrict __restrict
| #define HAVE_MACRO_VA_ARGS 1
| #define HAVE___TYPEOF 1
| #define HAVE_STDIO_H 1
| #define HAVE_STDLIB_H 1
| #define HAVE_STRING_H 1
| #define HAVE_STDARG_H 1
| #define HAVE_CTYPE_H 1
| #define HAVE_SEARCH_H 1
| #define HAVE_SYS_TYPES_H 1
| #define HAVE_SYS_UIO_H 1
| #define HAVE_INTTYPES_H 1
| #define HAVE_STDINT_H 1
| /* end confdefs.h.  */
| #include <valgrind.h>
configure:12486: result: no
configure:12486: checking for valgrind.h
configure:12486: result: no
configure:12486: checking memcheck.h usability
configure:12486: mpicc -c -fomit-frame-pointer -funroll-loops  -ffast-math -Ofast -fno-signed-zeros -ffp-contract=fast -mmmx -msse -maes -march=native  -g -march=native  -I/usr/local/opt/python3/include -I/usr/local/opt/lapack/include -I/usr/local/opt/openblas/include -I/usr/local/opt/llvm/include -I/usr/local/opt/sqlite/include -I/usr/local/opt/readline/include -I/usr/local/opt/openssl@1.1/include -I/usr/X11/include  -D_DARWIN_C_SOURCE conftest.c >&5
conftest.c:69:10: fatal error: 'memcheck.h' file not found
#include <memcheck.h>
         ^~~~~~~~~~~~
1 error generated.
configure:12486: $? = 1
configure: failed program was:
| /* confdefs.h */
| #define PACKAGE_NAME "MPL"
| #define PACKAGE_TARNAME "mpl"
| #define PACKAGE_VERSION "0.1"
| #define PACKAGE_STRING "MPL 0.1"
| #define PACKAGE_BUGREPORT ""
| #define PACKAGE_URL ""
| #define PACKAGE "mpl"
| #define VERSION "0.1"
| #define STDC_HEADERS 1
| #define HAVE_SYS_TYPES_H 1
| #define HAVE_SYS_STAT_H 1
| #define HAVE_STDLIB_H 1
| #define HAVE_STRING_H 1
| #define HAVE_MEMORY_H 1
| #define HAVE_STRINGS_H 1
| #define HAVE_INTTYPES_H 1
| #define HAVE_STDINT_H 1
| #define HAVE_UNISTD_H 1
| #define HAVE_DLFCN_H 1
| #define LT_OBJDIR ".libs/"
| #define restrict __restrict
| #define HAVE_MACRO_VA_ARGS 1
| #define HAVE___TYPEOF 1
| #define HAVE_STDIO_H 1
| #define HAVE_STDLIB_H 1
| #define HAVE_STRING_H 1
| #define HAVE_STDARG_H 1
| #define HAVE_CTYPE_H 1
| #define HAVE_SEARCH_H 1
| #define HAVE_SYS_TYPES_H 1
| #define HAVE_SYS_UIO_H 1
| #define HAVE_INTTYPES_H 1
| #define HAVE_STDINT_H 1
| /* end confdefs.h.  */
| #include <stdio.h>
| #ifdef HAVE_SYS_TYPES_H
| # include <sys/types.h>
| #endif
| #ifdef HAVE_SYS_STAT_H
| # include <sys/stat.h>
| #endif
| #ifdef STDC_HEADERS
| # include <stdlib.h>
| # include <stddef.h>
| #else
| # ifdef HAVE_STDLIB_H
| #  include <stdlib.h>
| # endif
| #endif
| #ifdef HAVE_STRING_H
| # if !defined STDC_HEADERS && defined HAVE_MEMORY_H
| #  include <memory.h>
| # endif
| # include <string.h>
| #endif
| #ifdef HAVE_STRINGS_H
| # include <strings.h>
| #endif
| #ifdef HAVE_INTTYPES_H
| # include <inttypes.h>
| #endif
| #ifdef HAVE_STDINT_H
| # include <stdint.h>
| #endif
| #ifdef HAVE_UNISTD_H
| # include <unistd.h>
| #endif
| #include <memcheck.h>
configure:12486: result: no
configure:12486: checking memcheck.h presence
configure:12486: mpicc -E -I/usr/local/opt/python3/include -I/usr/local/opt/lapack/include -I/usr/local/opt/openblas/include -I/usr/local/opt/llvm/include -I/usr/local/opt/sqlite/include -I/usr/local/opt/readline/include -I/usr/local/opt/openssl@1.1/include -I/usr/X11/include  -D_DARWIN_C_SOURCE conftest.c
conftest.c:36:10: fatal error: 'memcheck.h' file not found
#include <memcheck.h>
         ^~~~~~~~~~~~
1 error generated.
configure:12486: $? = 1
configure: failed program was:
| /* confdefs.h */
| #define PACKAGE_NAME "MPL"
| #define PACKAGE_TARNAME "mpl"
| #define PACKAGE_VERSION "0.1"
| #define PACKAGE_STRING "MPL 0.1"
| #define PACKAGE_BUGREPORT ""
| #define PACKAGE_URL ""
| #define PACKAGE "mpl"
| #define VERSION "0.1"
| #define STDC_HEADERS 1
| #define HAVE_SYS_TYPES_H 1
| #define HAVE_SYS_STAT_H 1
| #define HAVE_STDLIB_H 1
| #define HAVE_STRING_H 1
| #define HAVE_MEMORY_H 1
| #define HAVE_STRINGS_H 1
| #define HAVE_INTTYPES_H 1
| #define HAVE_STDINT_H 1
| #define HAVE_UNISTD_H 1
| #define HAVE_DLFCN_H 1
| #define LT_OBJDIR ".libs/"
| #define restrict __restrict
| #define HAVE_MACRO_VA_ARGS 1
| #define HAVE___TYPEOF 1
| #define HAVE_STDIO_H 1
| #define HAVE_STDLIB_H 1
| #define HAVE_STRING_H 1
| #define HAVE_STDARG_H 1
| #define HAVE_CTYPE_H 1
| #define HAVE_SEARCH_H 1
| #define HAVE_SYS_TYPES_H 1
| #define HAVE_SYS_UIO_H 1
| #define HAVE_INTTYPES_H 1
| #define HAVE_STDINT_H 1
| /* end confdefs.h.  */
| #include <memcheck.h>
configure:12486: result: no
configure:12486: checking for memcheck.h
configure:12486: result: no
configure:12486: checking valgrind/valgrind.h usability
configure:12486: mpicc -c -fomit-frame-pointer -funroll-loops  -ffast-math -Ofast -fno-signed-zeros -ffp-contract=fast -mmmx -msse -maes -march=native  -g -march=native  -I/usr/local/opt/python3/include -I/usr/local/opt/lapack/include -I/usr/local/opt/openblas/include -I/usr/local/opt/llvm/include -I/usr/local/opt/sqlite/include -I/usr/local/opt/readline/include -I/usr/local/opt/openssl@1.1/include -I/usr/X11/include  -D_DARWIN_C_SOURCE conftest.c >&5
configure:12486: $? = 0
configure:12486: result: yes
configure:12486: checking valgrind/valgrind.h presence
configure:12486: mpicc -E -I/usr/local/opt/python3/include -I/usr/local/opt/lapack/include -I/usr/local/opt/openblas/include -I/usr/local/opt/llvm/include -I/usr/local/opt/sqlite/include -I/usr/local/opt/readline/include -I/usr/local/opt/openssl@1.1/include -I/usr/X11/include  -D_DARWIN_C_SOURCE conftest.c
configure:12486: $? = 0
configure:12486: result: yes
configure:12486: checking for valgrind/valgrind.h
configure:12486: result: yes
configure:12486: checking valgrind/memcheck.h usability
configure:12486: mpicc -c -fomit-frame-pointer -funroll-loops  -ffast-math -Ofast -fno-signed-zeros -ffp-contract=fast -mmmx -msse -maes -march=native  -g -march=native  -I/usr/local/opt/python3/include -I/usr/local/opt/lapack/include -I/usr/local/opt/openblas/include -I/usr/local/opt/llvm/include -I/usr/local/opt/sqlite/include -I/usr/local/opt/readline/include -I/usr/local/opt/openssl@1.1/include -I/usr/X11/include  -D_DARWIN_C_SOURCE conftest.c >&5
configure:12486: $? = 0
configure:12486: result: yes
configure:12486: checking valgrind/memcheck.h presence
configure:12486: mpicc -E -I/usr/local/opt/python3/include -I/usr/local/opt/lapack/include -I/usr/local/opt/openblas/include -I/usr/local/opt/llvm/include -I/usr/local/opt/sqlite/include -I/usr/local/opt/readline/include -I/usr/local/opt/openssl@1.1/include -I/usr/X11/include  -D_DARWIN_C_SOURCE conftest.c
configure:12486: $? = 0
configure:12486: result: yes
configure:12486: checking for valgrind/memcheck.h
configure:12486: result: yes
configure:12502: checking helgrind.h usability
configure:12502: mpicc -c -fomit-frame-pointer -funroll-loops  -ffast-math -Ofast -fno-signed-zeros -ffp-contract=fast -mmmx -msse -maes -march=native  -g -march=native  -I/usr/local/opt/python3/include -I/usr/local/opt/lapack/include -I/usr/local/opt/openblas/include -I/usr/local/opt/llvm/include -I/usr/local/opt/sqlite/include -I/usr/local/opt/readline/include -I/usr/local/opt/openssl@1.1/include -I/usr/X11/include  -D_DARWIN_C_SOURCE conftest.c >&5
conftest.c:71:10: fatal error: 'helgrind.h' file not found
#include <helgrind.h>
         ^~~~~~~~~~~~
1 error generated.
configure:12502: $? = 1
configure: failed program was:
| /* confdefs.h */
| #define PACKAGE_NAME "MPL"
| #define PACKAGE_TARNAME "mpl"
| #define PACKAGE_VERSION "0.1"
| #define PACKAGE_STRING "MPL 0.1"
| #define PACKAGE_BUGREPORT ""
| #define PACKAGE_URL ""
| #define PACKAGE "mpl"
| #define VERSION "0.1"
| #define STDC_HEADERS 1
| #define HAVE_SYS_TYPES_H 1
| #define HAVE_SYS_STAT_H 1
| #define HAVE_STDLIB_H 1
| #define HAVE_STRING_H 1
| #define HAVE_MEMORY_H 1
| #define HAVE_STRINGS_H 1
| #define HAVE_INTTYPES_H 1
| #define HAVE_STDINT_H 1
| #define HAVE_UNISTD_H 1
| #define HAVE_DLFCN_H 1
| #define LT_OBJDIR ".libs/"
| #define restrict __restrict
| #define HAVE_MACRO_VA_ARGS 1
| #define HAVE___TYPEOF 1
| #define HAVE_STDIO_H 1
| #define HAVE_STDLIB_H 1
| #define HAVE_STRING_H 1
| #define HAVE_STDARG_H 1
| #define HAVE_CTYPE_H 1
| #define HAVE_SEARCH_H 1
| #define HAVE_SYS_TYPES_H 1
| #define HAVE_SYS_UIO_H 1
| #define HAVE_INTTYPES_H 1
| #define HAVE_STDINT_H 1
| #define HAVE_VALGRIND_VALGRIND_H 1
| #define HAVE_VALGRIND_MEMCHECK_H 1
| /* end confdefs.h.  */
| #include <stdio.h>
| #ifdef HAVE_SYS_TYPES_H
| # include <sys/types.h>
| #endif
| #ifdef HAVE_SYS_STAT_H
| # include <sys/stat.h>
| #endif
| #ifdef STDC_HEADERS
| # include <stdlib.h>
| # include <stddef.h>
| #else
| # ifdef HAVE_STDLIB_H
| #  include <stdlib.h>
| # endif
| #endif
| #ifdef HAVE_STRING_H
| # if !defined STDC_HEADERS && defined HAVE_MEMORY_H
| #  include <memory.h>
| # endif
| # include <string.h>
| #endif
| #ifdef HAVE_STRINGS_H
| # include <strings.h>
| #endif
| #ifdef HAVE_INTTYPES_H
| # include <inttypes.h>
| #endif
| #ifdef HAVE_STDINT_H
| # include <stdint.h>
| #endif
| #ifdef HAVE_UNISTD_H
| # include <unistd.h>
| #endif
| #include <helgrind.h>
configure:12502: result: no
configure:12502: checking helgrind.h presence
configure:12502: mpicc -E -I/usr/local/opt/python3/include -I/usr/local/opt/lapack/include -I/usr/local/opt/openblas/include -I/usr/local/opt/llvm/include -I/usr/local/opt/sqlite/include -I/usr/local/opt/readline/include -I/usr/local/opt/openssl@1.1/include -I/usr/X11/include  -D_DARWIN_C_SOURCE conftest.c
conftest.c:38:10: fatal error: 'helgrind.h' file not found
#include <helgrind.h>
         ^~~~~~~~~~~~
1 error generated.
configure:12502: $? = 1
configure: failed program was:
| /* confdefs.h */
| #define PACKAGE_NAME "MPL"
| #define PACKAGE_TARNAME "mpl"
| #define PACKAGE_VERSION "0.1"
| #define PACKAGE_STRING "MPL 0.1"
| #define PACKAGE_BUGREPORT ""
| #define PACKAGE_URL ""
| #define PACKAGE "mpl"
| #define VERSION "0.1"
| #define STDC_HEADERS 1
| #define HAVE_SYS_TYPES_H 1
| #define HAVE_SYS_STAT_H 1
| #define HAVE_STDLIB_H 1
| #define HAVE_STRING_H 1
| #define HAVE_MEMORY_H 1
| #define HAVE_STRINGS_H 1
| #define HAVE_INTTYPES_H 1
| #define HAVE_STDINT_H 1
| #define HAVE_UNISTD_H 1
| #define HAVE_DLFCN_H 1
| #define LT_OBJDIR ".libs/"
| #define restrict __restrict
| #define HAVE_MACRO_VA_ARGS 1
| #define HAVE___TYPEOF 1
| #define HAVE_STDIO_H 1
| #define HAVE_STDLIB_H 1
| #define HAVE_STRING_H 1
| #define HAVE_STDARG_H 1
| #define HAVE_CTYPE_H 1
| #define HAVE_SEARCH_H 1
| #define HAVE_SYS_TYPES_H 1
| #define HAVE_SYS_UIO_H 1
| #define HAVE_INTTYPES_H 1
| #define HAVE_STDINT_H 1
| #define HAVE_VALGRIND_VALGRIND_H 1
| #define HAVE_VALGRIND_MEMCHECK_H 1
| /* end confdefs.h.  */
| #include <helgrind.h>
configure:12502: result: no
configure:12502: checking for helgrind.h
configure:12502: result: no
configure:12502: checking valgrind/helgrind.h usability
configure:12502: mpicc -c -fomit-frame-pointer -funroll-loops  -ffast-math -Ofast -fno-signed-zeros -ffp-contract=fast -mmmx -msse -maes -march=native  -g -march=native  -I/usr/local/opt/python3/include -I/usr/local/opt/lapack/include -I/usr/local/opt/openblas/include -I/usr/local/opt/llvm/include -I/usr/local/opt/sqlite/include -I/usr/local/opt/readline/include -I/usr/local/opt/openssl@1.1/include -I/usr/X11/include  -D_DARWIN_C_SOURCE conftest.c >&5
configure:12502: $? = 0
configure:12502: result: yes
configure:12502: checking valgrind/helgrind.h presence
configure:12502: mpicc -E -I/usr/local/opt/python3/include -I/usr/local/opt/lapack/include -I/usr/local/opt/openblas/include -I/usr/local/opt/llvm/include -I/usr/local/opt/sqlite/include -I/usr/local/opt/readline/include -I/usr/local/opt/openssl@1.1/include -I/usr/X11/include  -D_DARWIN_C_SOURCE conftest.c
configure:12502: $? = 0
configure:12502: result: yes
configure:12502: checking for valgrind/helgrind.h
configure:12502: result: yes
configure:12515: checking drd.h usability
configure:12515: mpicc -c -fomit-frame-pointer -funroll-loops  -ffast-math -Ofast -fno-signed-zeros -ffp-contract=fast -mmmx -msse -maes -march=native  -g -march=native  -I/usr/local/opt/python3/include -I/usr/local/opt/lapack/include -I/usr/local/opt/openblas/include -I/usr/local/opt/llvm/include -I/usr/local/opt/sqlite/include -I/usr/local/opt/readline/include -I/usr/local/opt/openssl@1.1/include -I/usr/X11/include  -D_DARWIN_C_SOURCE conftest.c >&5
conftest.c:72:10: fatal error: 'drd.h' file not found
#include <drd.h>
         ^~~~~~~
1 error generated.
configure:12515: $? = 1
configure: failed program was:
| /* confdefs.h */
| #define PACKAGE_NAME "MPL"
| #define PACKAGE_TARNAME "mpl"
| #define PACKAGE_VERSION "0.1"
| #define PACKAGE_STRING "MPL 0.1"
| #define PACKAGE_BUGREPORT ""
| #define PACKAGE_URL ""
| #define PACKAGE "mpl"
| #define VERSION "0.1"
| #define STDC_HEADERS 1
| #define HAVE_SYS_TYPES_H 1
| #define HAVE_SYS_STAT_H 1
| #define HAVE_STDLIB_H 1
| #define HAVE_STRING_H 1
| #define HAVE_MEMORY_H 1
| #define HAVE_STRINGS_H 1
| #define HAVE_INTTYPES_H 1
| #define HAVE_STDINT_H 1
| #define HAVE_UNISTD_H 1
| #define HAVE_DLFCN_H 1
| #define LT_OBJDIR ".libs/"
| #define restrict __restrict
| #define HAVE_MACRO_VA_ARGS 1
| #define HAVE___TYPEOF 1
| #define HAVE_STDIO_H 1
| #define HAVE_STDLIB_H 1
| #define HAVE_STRING_H 1
| #define HAVE_STDARG_H 1
| #define HAVE_CTYPE_H 1
| #define HAVE_SEARCH_H 1
| #define HAVE_SYS_TYPES_H 1
| #define HAVE_SYS_UIO_H 1
| #define HAVE_INTTYPES_H 1
| #define HAVE_STDINT_H 1
| #define HAVE_VALGRIND_VALGRIND_H 1
| #define HAVE_VALGRIND_MEMCHECK_H 1
| #define HAVE_VALGRIND_HELGRIND_H 1
| /* end confdefs.h.  */
| #include <stdio.h>
| #ifdef HAVE_SYS_TYPES_H
| # include <sys/types.h>
| #endif
| #ifdef HAVE_SYS_STAT_H
| # include <sys/stat.h>
| #endif
| #ifdef STDC_HEADERS
| # include <stdlib.h>
| # include <stddef.h>
| #else
| # ifdef HAVE_STDLIB_H
| #  include <stdlib.h>
| # endif
| #endif
| #ifdef HAVE_STRING_H
| # if !defined STDC_HEADERS && defined HAVE_MEMORY_H
| #  include <memory.h>
| # endif
| # include <string.h>
| #endif
| #ifdef HAVE_STRINGS_H
| # include <strings.h>
| #endif
| #ifdef HAVE_INTTYPES_H
| # include <inttypes.h>
| #endif
| #ifdef HAVE_STDINT_H
| # include <stdint.h>
| #endif
| #ifdef HAVE_UNISTD_H
| # include <unistd.h>
| #endif
| #include <drd.h>
configure:12515: result: no
configure:12515: checking drd.h presence
configure:12515: mpicc -E -I/usr/local/opt/python3/include -I/usr/local/opt/lapack/include -I/usr/local/opt/openblas/include -I/usr/local/opt/llvm/include -I/usr/local/opt/sqlite/include -I/usr/local/opt/readline/include -I/usr/local/opt/openssl@1.1/include -I/usr/X11/include  -D_DARWIN_C_SOURCE conftest.c
conftest.c:39:10: fatal error: 'drd.h' file not found
#include <drd.h>
         ^~~~~~~
1 error generated.
configure:12515: $? = 1
configure: failed program was:
| /* confdefs.h */
| #define PACKAGE_NAME "MPL"
| #define PACKAGE_TARNAME "mpl"
| #define PACKAGE_VERSION "0.1"
| #define PACKAGE_STRING "MPL 0.1"
| #define PACKAGE_BUGREPORT ""
| #define PACKAGE_URL ""
| #define PACKAGE "mpl"
| #define VERSION "0.1"
| #define STDC_HEADERS 1
| #define HAVE_SYS_TYPES_H 1
| #define HAVE_SYS_STAT_H 1
| #define HAVE_STDLIB_H 1
| #define HAVE_STRING_H 1
| #define HAVE_MEMORY_H 1
| #define HAVE_STRINGS_H 1
| #define HAVE_INTTYPES_H 1
| #define HAVE_STDINT_H 1
| #define HAVE_UNISTD_H 1
| #define HAVE_DLFCN_H 1
| #define LT_OBJDIR ".libs/"
| #define restrict __restrict
| #define HAVE_MACRO_VA_ARGS 1
| #define HAVE___TYPEOF 1
| #define HAVE_STDIO_H 1
| #define HAVE_STDLIB_H 1
| #define HAVE_STRING_H 1
| #define HAVE_STDARG_H 1
| #define HAVE_CTYPE_H 1
| #define HAVE_SEARCH_H 1
| #define HAVE_SYS_TYPES_H 1
| #define HAVE_SYS_UIO_H 1
| #define HAVE_INTTYPES_H 1
| #define HAVE_STDINT_H 1
| #define HAVE_VALGRIND_VALGRIND_H 1
| #define HAVE_VALGRIND_MEMCHECK_H 1
| #define HAVE_VALGRIND_HELGRIND_H 1
| /* end confdefs.h.  */
| #include <drd.h>
configure:12515: result: no
configure:12515: checking for drd.h
configure:12515: result: no
configure:12515: checking valgrind/drd.h usability
configure:12515: mpicc -c -fomit-frame-pointer -funroll-loops  -ffast-math -Ofast -fno-signed-zeros -ffp-contract=fast -mmmx -msse -maes -march=native  -g -march=native  -I/usr/local/opt/python3/include -I/usr/local/opt/lapack/include -I/usr/local/opt/openblas/include -I/usr/local/opt/llvm/include -I/usr/local/opt/sqlite/include -I/usr/local/opt/readline/include -I/usr/local/opt/openssl@1.1/include -I/usr/X11/include  -D_DARWIN_C_SOURCE conftest.c >&5
configure:12515: $? = 0
configure:12515: result: yes
configure:12515: checking valgrind/drd.h presence
configure:12515: mpicc -E -I/usr/local/opt/python3/include -I/usr/local/opt/lapack/include -I/usr/local/opt/openblas/include -I/usr/local/opt/llvm/include -I/usr/local/opt/sqlite/include -I/usr/local/opt/readline/include -I/usr/local/opt/openssl@1.1/include -I/usr/X11/include  -D_DARWIN_C_SOURCE conftest.c
configure:12515: $? = 0
configure:12515: result: yes
configure:12515: checking for valgrind/drd.h
configure:12515: result: yes
configure:12530: checking whether the valgrind headers are broken or too old
configure:12582: mpicc -o conftest -fomit-frame-pointer -funroll-loops  -ffast-math -Ofast -fno-signed-zeros -ffp-contract=fast -mmmx -msse -maes -march=native  -g -march=native  -I/usr/local/opt/python3/include -I/usr/local/opt/lapack/include -I/usr/local/opt/openblas/include -I/usr/local/opt/llvm/include -I/usr/local/opt/sqlite/include -I/usr/local/opt/readline/include -I/usr/local/opt/openssl@1.1/include -I/usr/X11/include  -D_DARWIN_C_SOURCE -I/usr/local/opt/python3/lib -L/usr/local/opt/lapack/lib -L/usr/local/opt/openblas/lib -L/usr/local/opt/llvm/lib -L/usr/local/opt/sqlite/lib -L/usr/local/opt/readline/lib -L/usr/local/opt/openssl@1.1/lib -L/usr/X11/lib  conftest.c  >&5
configure:12582: $? = 0
configure:12590: result: no
configure:12623: checking for strdup
configure:12623: mpicc -o conftest -fomit-frame-pointer -funroll-loops  -ffast-math -Ofast -fno-signed-zeros -ffp-contract=fast -mmmx -msse -maes -march=native  -g -march=native  -I/usr/local/opt/python3/include -I/usr/local/opt/lapack/include -I/usr/local/opt/openblas/include -I/usr/local/opt/llvm/include -I/usr/local/opt/sqlite/include -I/usr/local/opt/readline/include -I/usr/local/opt/openssl@1.1/include -I/usr/X11/include  -D_DARWIN_C_SOURCE -I/usr/local/opt/python3/lib -L/usr/local/opt/lapack/lib -L/usr/local/opt/openblas/lib -L/usr/local/opt/llvm/lib -L/usr/local/opt/sqlite/lib -L/usr/local/opt/readline/lib -L/usr/local/opt/openssl@1.1/lib -L/usr/X11/lib  conftest.c  >&5
conftest.c:63:6: warning: incompatible redeclaration of library function 'strdup' [-Wincompatible-library-redeclaration]
char strdup ();
     ^
conftest.c:63:6: note: 'strdup' is a builtin with type 'char *(const char *)'
1 warning generated.
configure:12623: $? = 0
configure:12623: result: yes
configure:12634: checking whether strdup needs a declaration
configure:12652: mpicc -c -fomit-frame-pointer -funroll-loops  -ffast-math -Ofast -fno-signed-zeros -ffp-contract=fast -mmmx -msse -maes -march=native  -g -march=native  -I/usr/local/opt/python3/include -I/usr/local/opt/lapack/include -I/usr/local/opt/openblas/include -I/usr/local/opt/llvm/include -I/usr/local/opt/sqlite/include -I/usr/local/opt/readline/include -I/usr/local/opt/openssl@1.1/include -I/usr/X11/include  -D_DARWIN_C_SOURCE conftest.c >&5
configure:12652: $? = 0
configure:12659: result: no
configure:12675: checking for snprintf
configure:12675: mpicc -o conftest -fomit-frame-pointer -funroll-loops  -ffast-math -Ofast -fno-signed-zeros -ffp-contract=fast -mmmx -msse -maes -march=native  -g -march=native  -I/usr/local/opt/python3/include -I/usr/local/opt/lapack/include -I/usr/local/opt/openblas/include -I/usr/local/opt/llvm/include -I/usr/local/opt/sqlite/include -I/usr/local/opt/readline/include -I/usr/local/opt/openssl@1.1/include -I/usr/X11/include  -D_DARWIN_C_SOURCE -I/usr/local/opt/python3/lib -L/usr/local/opt/lapack/lib -L/usr/local/opt/openblas/lib -L/usr/local/opt/llvm/lib -L/usr/local/opt/sqlite/lib -L/usr/local/opt/readline/lib -L/usr/local/opt/openssl@1.1/lib -L/usr/X11/lib  conftest.c  >&5
conftest.c:64:6: warning: incompatible redeclaration of library function 'snprintf' [-Wincompatible-library-redeclaration]
char snprintf ();
     ^
conftest.c:64:6: note: 'snprintf' is a builtin with type 'int (char *, unsigned long, const char *, ...)'
1 warning generated.
configure:12675: $? = 0
configure:12675: result: yes
configure:12686: checking whether snprintf needs a declaration
configure:12704: mpicc -c -fomit-frame-pointer -funroll-loops  -ffast-math -Ofast -fno-signed-zeros -ffp-contract=fast -mmmx -msse -maes -march=native  -g -march=native  -I/usr/local/opt/python3/include -I/usr/local/opt/lapack/include -I/usr/local/opt/openblas/include -I/usr/local/opt/llvm/include -I/usr/local/opt/sqlite/include -I/usr/local/opt/readline/include -I/usr/local/opt/openssl@1.1/include -I/usr/X11/include  -D_DARWIN_C_SOURCE conftest.c >&5
configure:12704: $? = 0
configure:12711: result: no
configure:12727: checking for strncmp
configure:12727: mpicc -o conftest -fomit-frame-pointer -funroll-loops  -ffast-math -Ofast -fno-signed-zeros -ffp-contract=fast -mmmx -msse -maes -march=native  -g -march=native  -I/usr/local/opt/python3/include -I/usr/local/opt/lapack/include -I/usr/local/opt/openblas/include -I/usr/local/opt/llvm/include -I/usr/local/opt/sqlite/include -I/usr/local/opt/readline/include -I/usr/local/opt/openssl@1.1/include -I/usr/X11/include  -D_DARWIN_C_SOURCE -I/usr/local/opt/python3/lib -L/usr/local/opt/lapack/lib -L/usr/local/opt/openblas/lib -L/usr/local/opt/llvm/lib -L/usr/local/opt/sqlite/lib -L/usr/local/opt/readline/lib -L/usr/local/opt/openssl@1.1/lib -L/usr/X11/lib  conftest.c  >&5
conftest.c:65:6: warning: incompatible redeclaration of library function 'strncmp' [-Wincompatible-library-redeclaration]
char strncmp ();
     ^
conftest.c:65:6: note: 'strncmp' is a builtin with type 'int (const char *, const char *, unsigned long)'
1 warning generated.
configure:12727: $? = 0
configure:12727: result: yes
configure:12738: checking whether strncmp needs a declaration
configure:12756: mpicc -c -fomit-frame-pointer -funroll-loops  -ffast-math -Ofast -fno-signed-zeros -ffp-contract=fast -mmmx -msse -maes -march=native  -g -march=native  -I/usr/local/opt/python3/include -I/usr/local/opt/lapack/include -I/usr/local/opt/openblas/include -I/usr/local/opt/llvm/include -I/usr/local/opt/sqlite/include -I/usr/local/opt/readline/include -I/usr/local/opt/openssl@1.1/include -I/usr/X11/include  -D_DARWIN_C_SOURCE conftest.c >&5
configure:12756: $? = 0
configure:12763: result: no
configure:12779: checking for putenv
configure:12779: mpicc -o conftest -fomit-frame-pointer -funroll-loops  -ffast-math -Ofast -fno-signed-zeros -ffp-contract=fast -mmmx -msse -maes -march=native  -g -march=native  -I/usr/local/opt/python3/include -I/usr/local/opt/lapack/include -I/usr/local/opt/openblas/include -I/usr/local/opt/llvm/include -I/usr/local/opt/sqlite/include -I/usr/local/opt/readline/include -I/usr/local/opt/openssl@1.1/include -I/usr/X11/include  -D_DARWIN_C_SOURCE -I/usr/local/opt/python3/lib -L/usr/local/opt/lapack/lib -L/usr/local/opt/openblas/lib -L/usr/local/opt/llvm/lib -L/usr/local/opt/sqlite/lib -L/usr/local/opt/readline/lib -L/usr/local/opt/openssl@1.1/lib -L/usr/X11/lib  conftest.c  >&5
configure:12779: $? = 0
configure:12779: result: yes
configure:12790: checking whether putenv needs a declaration
configure:12808: mpicc -c -fomit-frame-pointer -funroll-loops  -ffast-math -Ofast -fno-signed-zeros -ffp-contract=fast -mmmx -msse -maes -march=native  -g -march=native  -I/usr/local/opt/python3/include -I/usr/local/opt/lapack/include -I/usr/local/opt/openblas/include -I/usr/local/opt/llvm/include -I/usr/local/opt/sqlite/include -I/usr/local/opt/readline/include -I/usr/local/opt/openssl@1.1/include -I/usr/X11/include  -D_DARWIN_C_SOURCE conftest.c >&5
configure:12808: $? = 0
configure:12815: result: no
configure:12831: checking for strerror
configure:12831: mpicc -o conftest -fomit-frame-pointer -funroll-loops  -ffast-math -Ofast -fno-signed-zeros -ffp-contract=fast -mmmx -msse -maes -march=native  -g -march=native  -I/usr/local/opt/python3/include -I/usr/local/opt/lapack/include -I/usr/local/opt/openblas/include -I/usr/local/opt/llvm/include -I/usr/local/opt/sqlite/include -I/usr/local/opt/readline/include -I/usr/local/opt/openssl@1.1/include -I/usr/X11/include  -D_DARWIN_C_SOURCE -I/usr/local/opt/python3/lib -L/usr/local/opt/lapack/lib -L/usr/local/opt/openblas/lib -L/usr/local/opt/llvm/lib -L/usr/local/opt/sqlite/lib -L/usr/local/opt/readline/lib -L/usr/local/opt/openssl@1.1/lib -L/usr/X11/lib  conftest.c  >&5
conftest.c:67:6: warning: incompatible redeclaration of library function 'strerror' [-Wincompatible-library-redeclaration]
char strerror ();
     ^
conftest.c:67:6: note: 'strerror' is a builtin with type 'char *(int)'
1 warning generated.
configure:12831: $? = 0
configure:12831: result: yes
configure:12842: checking whether strerror needs a declaration
configure:12860: mpicc -c -fomit-frame-pointer -funroll-loops  -ffast-math -Ofast -fno-signed-zeros -ffp-contract=fast -mmmx -msse -maes -march=native  -g -march=native  -I/usr/local/opt/python3/include -I/usr/local/opt/lapack/include -I/usr/local/opt/openblas/include -I/usr/local/opt/llvm/include -I/usr/local/opt/sqlite/include -I/usr/local/opt/readline/include -I/usr/local/opt/openssl@1.1/include -I/usr/X11/include  -D_DARWIN_C_SOURCE conftest.c >&5
configure:12860: $? = 0
configure:12867: result: no
configure:12884: checking whether __attribute__ allowed
configure:12901: mpicc -c -fomit-frame-pointer -funroll-loops  -ffast-math -Ofast -fno-signed-zeros -ffp-contract=fast -mmmx -msse -maes -march=native  -g -march=native  -I/usr/local/opt/python3/include -I/usr/local/opt/lapack/include -I/usr/local/opt/openblas/include -I/usr/local/opt/llvm/include -I/usr/local/opt/sqlite/include -I/usr/local/opt/readline/include -I/usr/local/opt/openssl@1.1/include -I/usr/X11/include  -D_DARWIN_C_SOURCE conftest.c >&5
configure:12901: $? = 0
configure:12908: result: yes
configure:12910: checking whether __attribute__((format)) allowed
configure:12927: mpicc -c -fomit-frame-pointer -funroll-loops  -ffast-math -Ofast -fno-signed-zeros -ffp-contract=fast -mmmx -msse -maes -march=native  -g -march=native  -I/usr/local/opt/python3/include -I/usr/local/opt/lapack/include -I/usr/local/opt/openblas/include -I/usr/local/opt/llvm/include -I/usr/local/opt/sqlite/include -I/usr/local/opt/readline/include -I/usr/local/opt/openssl@1.1/include -I/usr/X11/include  -D_DARWIN_C_SOURCE conftest.c >&5
configure:12927: $? = 0
configure:12934: result: yes
configure:13055: checking that generated files are newer than configure
configure:13061: result: done
configure:13092: creating ./config.status

## ---------------------- ##
## Running config.status. ##
## ---------------------- ##

This file was extended by MPL config.status 0.1, which was
generated by GNU Autoconf 2.69.  Invocation command line was

  CONFIG_FILES    = 
  CONFIG_HEADERS  = 
  CONFIG_LINKS    = 
  CONFIG_COMMANDS = 
  $ ./config.status 

on dojos-MacBook-Pro.local

config.status:1117: creating Makefile
config.status:1117: creating localdefs
config.status:1117: creating include/config.h
config.status:1298: include/config.h is unchanged
config.status:1346: executing depfiles commands
config.status:1346: executing libtool commands
config.status:1346: executing include/mplconfig.h commands
config.status:2020: creating include/mplconfig.h - prefix MPL for include/config.h defines
config.status:2042: include/mplconfig.h is unchanged

## ---------------- ##
## Cache variables. ##
## ---------------- ##

ac_cv_build=x86_64-apple-darwin17.0.0
ac_cv_c_compiler_gnu=yes
ac_cv_c_const=yes
ac_cv_c_inline=inline
ac_cv_c_restrict=__restrict
ac_cv_env_CC_set=set
ac_cv_env_CC_value=mpicc
ac_cv_env_CFLAGS_set=set
ac_cv_env_CFLAGS_value='-fomit-frame-pointer -funroll-loops  -ffast-math -Ofast -fno-signed-zeros -ffp-contract=fast -mmmx -msse -maes -march=native  -g -march=native '
ac_cv_env_CPPFLAGS_set=set
ac_cv_env_CPPFLAGS_value='-I/usr/local/opt/python3/include -I/usr/local/opt/lapack/include -I/usr/local/opt/openblas/include -I/usr/local/opt/llvm/include -I/usr/local/opt/sqlite/include -I/usr/local/opt/readline/include -I/usr/local/opt/openssl@1.1/include -I/usr/X11/include  -D_DARWIN_C_SOURCE'
ac_cv_env_CPP_set=set
ac_cv_env_CPP_value='mpicc -E'
ac_cv_env_FROM_MPICH_set=
ac_cv_env_FROM_MPICH_value=
ac_cv_env_GCOV_set=
ac_cv_env_GCOV_value=
ac_cv_env_LDFLAGS_set=set
ac_cv_env_LDFLAGS_value='-I/usr/local/opt/python3/lib -L/usr/local/opt/lapack/lib -L/usr/local/opt/openblas/lib -L/usr/local/opt/llvm/lib -L/usr/local/opt/sqlite/lib -L/usr/local/opt/readline/lib -L/usr/local/opt/openssl@1.1/lib -L/usr/X11/lib '
ac_cv_env_LIBS_set=
ac_cv_env_LIBS_value=
ac_cv_env_LT_SYS_LIBRARY_PATH_set=
ac_cv_env_LT_SYS_LIBRARY_PATH_value=
ac_cv_env_MPLLIBNAME_set=
ac_cv_env_MPLLIBNAME_value=
ac_cv_env_build_alias_set=
ac_cv_env_build_alias_value=
ac_cv_env_host_alias_set=
ac_cv_env_host_alias_value=
ac_cv_env_target_alias_set=
ac_cv_env_target_alias_value=
ac_cv_func_putenv=yes
ac_cv_func_snprintf=yes
ac_cv_func_strdup=yes
ac_cv_func_strerror=yes
ac_cv_func_strncmp=yes
ac_cv_header_ctype_h=yes
ac_cv_header_dlfcn_h=yes
ac_cv_header_drd_h=no
ac_cv_header_helgrind_h=no
ac_cv_header_inttypes_h=yes
ac_cv_header_memcheck_h=no
ac_cv_header_memory_h=yes
ac_cv_header_search_h=yes
ac_cv_header_stdarg_h=yes
ac_cv_header_stdc=yes
ac_cv_header_stdint_h=yes
ac_cv_header_stdio_h=yes
ac_cv_header_stdlib_h=yes
ac_cv_header_string_h=yes
ac_cv_header_strings_h=yes
ac_cv_header_sys_stat_h=yes
ac_cv_header_sys_types_h=yes
ac_cv_header_sys_uio_h=yes
ac_cv_header_unistd_h=yes
ac_cv_header_valgrind_drd_h=yes
ac_cv_header_valgrind_h=no
ac_cv_header_valgrind_helgrind_h=yes
ac_cv_header_valgrind_memcheck_h=yes
ac_cv_header_valgrind_valgrind_h=yes
ac_cv_host=x86_64-apple-darwin17.0.0
ac_cv_objext=o
ac_cv_path_EGREP='/usr/local/bin/grep -E'
ac_cv_path_FGREP='/usr/local/bin/grep -F'
ac_cv_path_GREP=/usr/local/bin/grep
ac_cv_path_SED=/usr/local/opt/gnu-sed/libexec/gnubin/sed
ac_cv_path_install='/usr/local/opt/coreutils/libexec/gnubin/install -c'
ac_cv_path_lt_DD=/usr/local/opt/coreutils/libexec/gnubin/dd
ac_cv_path_mkdir=/usr/local/opt/coreutils/libexec/gnubin/mkdir
ac_cv_prog_AWK=gawk
ac_cv_prog_CPP='mpicc -E'
ac_cv_prog_GCOV=gcov
ac_cv_prog_ac_ct_AR=ar
ac_cv_prog_ac_ct_DSYMUTIL=dsymutil
ac_cv_prog_ac_ct_LIPO=lipo
ac_cv_prog_ac_ct_NMEDIT=nmedit
ac_cv_prog_ac_ct_OBJDUMP=objdump
ac_cv_prog_ac_ct_OTOOL=otool
ac_cv_prog_ac_ct_RANLIB=ranlib
ac_cv_prog_ac_ct_STRIP=strip
ac_cv_prog_cc_c89=
ac_cv_prog_cc_g=yes
ac_cv_prog_make_make_set=yes
am_cv_CC_dependencies_compiler_type=gcc3
am_cv_ar_interface=ar
am_cv_make_support_nested_variables=yes
am_cv_prog_cc_c_o=yes
lt_cv_apple_cc_single_mod=yes
lt_cv_ar_at_file=no
lt_cv_deplibs_check_method=pass_all
lt_cv_file_magic_cmd='$MAGIC_CMD'
lt_cv_file_magic_test_file=
lt_cv_ld_exported_symbols_list=yes
lt_cv_ld_force_load=yes
lt_cv_ld_reload_flag=-r
lt_cv_nm_interface='BSD nm'
lt_cv_objdir=.libs
lt_cv_path_LD=/usr/bin/ld
lt_cv_path_NM='/usr/bin/nm -B'
lt_cv_path_mainfest_tool=no
lt_cv_prog_compiler_c_o=yes
lt_cv_prog_compiler_pic='-fno-common -DPIC'
lt_cv_prog_compiler_pic_works=yes
lt_cv_prog_compiler_rtti_exceptions=yes
lt_cv_prog_compiler_static_works=no
lt_cv_prog_gnu_ld=no
lt_cv_sharedlib_from_linklib_cmd='printf %s\n'
lt_cv_sys_global_symbol_pipe='sed -n -e '\''s/^.*[	 ]\([BCDEGRST][BCDEGRST]*\)[	 ][	 ]*_\([_A-Za-z][_A-Za-z0-9]*\)$/\1 _\2 \2/p'\'' | sed '\''/ __gnu_lto/d'\'''
lt_cv_sys_global_symbol_to_c_name_address='sed -n -e '\''s/^: \(.*\) .*$/  {"\1", (void *) 0},/p'\'' -e '\''s/^[BCDEGRST][BCDEGRST]* .* \(.*\)$/  {"\1", (void *) \&\1},/p'\'''
lt_cv_sys_global_symbol_to_c_name_address_lib_prefix='sed -n -e '\''s/^: \(.*\) .*$/  {"\1", (void *) 0},/p'\'' -e '\''s/^[BCDEGRST][BCDEGRST]* .* \(lib.*\)$/  {"\1", (void *) \&\1},/p'\'' -e '\''s/^[BCDEGRST][BCDEGRST]* .* \(.*\)$/  {"lib\1", (void *) \&\1},/p'\'''
lt_cv_sys_global_symbol_to_cdecl='sed -n -e '\''s/^T .* \(.*\)$/extern int \1();/p'\'' -e '\''s/^[BCDEGRST][BCDEGRST]* .* \(.*\)$/extern char \1;/p'\'''
lt_cv_sys_global_symbol_to_import=
lt_cv_sys_max_cmd_len=196608
lt_cv_to_host_file_cmd=func_convert_file_noop
lt_cv_to_tool_file_cmd=func_convert_file_noop
lt_cv_truncate_bin='/usr/local/opt/coreutils/libexec/gnubin/dd bs=4096 count=1'
pac_cv_func_decl_putenv=no
pac_cv_func_decl_snprintf=no
pac_cv_func_decl_strdup=no
pac_cv_func_decl_strerror=no
pac_cv_func_decl_strncmp=no
pac_cv_gnu_attr_format=yes
pac_cv_gnu_attr_pure=yes
pac_cv_have___typeof=yes
pac_cv_have_broken_valgrind=no

## ----------------- ##
## Output variables. ##
## ----------------- ##

ACLOCAL='${SHELL} /Users/dojo/mpi_mac/hydra-3.2/mpl/confdb/missing aclocal-1.15'
AMDEPBACKSLASH='\'
AMDEP_FALSE='#'
AMDEP_TRUE=''
AMTAR='$${TAR-tar}'
AM_BACKSLASH='\'
AM_DEFAULT_V='$(AM_DEFAULT_VERBOSITY)'
AM_DEFAULT_VERBOSITY='0'
AM_V='$(V)'
AR='ar'
AUTOCONF='${SHELL} /Users/dojo/mpi_mac/hydra-3.2/mpl/confdb/missing autoconf'
AUTOHEADER='${SHELL} /Users/dojo/mpi_mac/hydra-3.2/mpl/confdb/missing autoheader'
AUTOMAKE='${SHELL} /Users/dojo/mpi_mac/hydra-3.2/mpl/confdb/missing automake-1.15'
AWK='gawk'
BUILD_COVERAGE_FALSE=''
BUILD_COVERAGE_TRUE='#'
CC='mpicc'
CCDEPMODE='depmode=gcc3'
CFLAGS='-fomit-frame-pointer -funroll-loops  -ffast-math -Ofast -fno-signed-zeros -ffp-contract=fast -mmmx -msse -maes -march=native  -g -march=native '
CPP='mpicc -E'
CPPFLAGS='-I/usr/local/opt/python3/include -I/usr/local/opt/lapack/include -I/usr/local/opt/openblas/include -I/usr/local/opt/llvm/include -I/usr/local/opt/sqlite/include -I/usr/local/opt/readline/include -I/usr/local/opt/openssl@1.1/include -I/usr/X11/include  -D_DARWIN_C_SOURCE'
CYGPATH_W='echo'
DEFS='-DHAVE_CONFIG_H'
DEPDIR='.deps'
DLLTOOL='false'
DSYMUTIL='dsymutil'
DUMPBIN=''
ECHO_C='\c'
ECHO_N=''
ECHO_T=''
EGREP='/usr/local/bin/grep -E'
EXEEXT=''
FGREP='/usr/local/bin/grep -F'
FROM_MPICH=''
GCOV='gcov'
GREP='/usr/local/bin/grep'
INSTALL_DATA='${INSTALL} -m 644'
INSTALL_PROGRAM='${INSTALL}'
INSTALL_SCRIPT='${INSTALL}'
INSTALL_STRIP_PROGRAM='$(install_sh) -c -s'
LD='/usr/bin/ld'
LDFLAGS='-I/usr/local/opt/python3/lib -L/usr/local/opt/lapack/lib -L/usr/local/opt/openblas/lib -L/usr/local/opt/llvm/lib -L/usr/local/opt/sqlite/lib -L/usr/local/opt/readline/lib -L/usr/local/opt/openssl@1.1/lib -L/usr/X11/lib '
LIBOBJS=''
LIBS=''
LIBTOOL='$(SHELL) $(top_builddir)/libtool'
LIPO='lipo'
LN_S='ln -s'
LTLIBOBJS=''
LT_SYS_LIBRARY_PATH=''
MAKEINFO='${SHELL} /Users/dojo/mpi_mac/hydra-3.2/mpl/confdb/missing makeinfo'
MANIFEST_TOOL=':'
MKDIR_P='/usr/local/opt/coreutils/libexec/gnubin/mkdir -p'
MPLLIBNAME='mpl'
MPL_EMBEDDED_MODE_FALSE=''
MPL_EMBEDDED_MODE_TRUE='#'
NM='/usr/bin/nm -B'
NMEDIT='nmedit'
OBJDUMP='objdump'
OBJEXT='o'
OTOOL64=':'
OTOOL='otool'
PACKAGE='mpl'
PACKAGE_BUGREPORT=''
PACKAGE_NAME='MPL'
PACKAGE_STRING='MPL 0.1'
PACKAGE_TARNAME='mpl'
PACKAGE_URL=''
PACKAGE_VERSION='0.1'
PATH_SEPARATOR=':'
RANLIB='ranlib'
SED='/usr/local/opt/gnu-sed/libexec/gnubin/sed'
SET_MAKE=''
SHELL='/bin/sh'
STRIP='strip'
VERSION='0.1'
ac_ct_AR='ar'
ac_ct_CC=''
ac_ct_DUMPBIN=''
am__EXEEXT_FALSE=''
am__EXEEXT_TRUE='#'
am__fastdepCC_FALSE='#'
am__fastdepCC_TRUE=''
am__include='include'
am__isrc=''
am__leading_dot='.'
am__nodep='_no'
am__quote=''
am__tar='$${TAR-tar} chof - "$$tardir"'
am__untar='$${TAR-tar} xf -'
bindir='${exec_prefix}/bin'
build='x86_64-apple-darwin17.0.0'
build_alias=''
build_cpu='x86_64'
build_os='darwin17.0.0'
build_vendor='apple'
datadir='${datarootdir}'
datarootdir='${prefix}/share'
docdir='${datarootdir}/doc/${PACKAGE_TARNAME}'
dvidir='${docdir}'
exec_prefix='${prefix}'
host='x86_64-apple-darwin17.0.0'
host_alias=''
host_cpu='x86_64'
host_os='darwin17.0.0'
host_vendor='apple'
htmldir='${docdir}'
includedir='${prefix}/include'
infodir='${datarootdir}/info'
install_sh='${SHELL} /Users/dojo/mpi_mac/hydra-3.2/mpl/confdb/install-sh'
libdir='${exec_prefix}/lib'
libexecdir='${exec_prefix}/libexec'
libmpl_so_version='1:0'
libmpl_so_versionflags='-version-info $(libmpl_so_version)'
localedir='${datarootdir}/locale'
localstatedir='${prefix}/var'
mandir='${datarootdir}/man'
mkdir_p='$(MKDIR_P)'
oldincludedir='/usr/include'
pdfdir='${docdir}'
prefix='/usr/local/Cellar/hydraPM/3.2'
program_transform_name='s,x,x,'
psdir='${docdir}'
sbindir='${exec_prefix}/sbin'
sharedstatedir='${prefix}/com'
sysconfdir='${prefix}/etc'
target_alias=''

## ----------- ##
## confdefs.h. ##
## ----------- ##

/* confdefs.h */
#define PACKAGE_NAME "MPL"
#define PACKAGE_TARNAME "mpl"
#define PACKAGE_VERSION "0.1"
#define PACKAGE_STRING "MPL 0.1"
#define PACKAGE_BUGREPORT ""
#define PACKAGE_URL ""
#define PACKAGE "mpl"
#define VERSION "0.1"
#define STDC_HEADERS 1
#define HAVE_SYS_TYPES_H 1
#define HAVE_SYS_STAT_H 1
#define HAVE_STDLIB_H 1
#define HAVE_STRING_H 1
#define HAVE_MEMORY_H 1
#define HAVE_STRINGS_H 1
#define HAVE_INTTYPES_H 1
#define HAVE_STDINT_H 1
#define HAVE_UNISTD_H 1
#define HAVE_DLFCN_H 1
#define LT_OBJDIR ".libs/"
#define restrict __restrict
#define HAVE_MACRO_VA_ARGS 1
#define HAVE___TYPEOF 1
#define HAVE_STDIO_H 1
#define HAVE_STDLIB_H 1
#define HAVE_STRING_H 1
#define HAVE_STDARG_H 1
#define HAVE_CTYPE_H 1
#define HAVE_SEARCH_H 1
#define HAVE_SYS_TYPES_H 1
#define HAVE_SYS_UIO_H 1
#define HAVE_INTTYPES_H 1
#define HAVE_STDINT_H 1
#define HAVE_VALGRIND_VALGRIND_H 1
#define HAVE_VALGRIND_MEMCHECK_H 1
#define HAVE_VALGRIND_HELGRIND_H 1
#define HAVE_VALGRIND_DRD_H 1
#define HAVE_STRDUP 1
#define HAVE_SNPRINTF 1
#define HAVE_STRNCMP 1
#define HAVE_PUTENV 1
#define HAVE_STRERROR 1
#define HAVE_GCC_ATTRIBUTE 1

configure: exit 0
